INFO - 2024-12-08 01:41:45 --> Session: Class initialized using 'CodeIgniter\Session\Handlers\FileHandler' driver.
INFO - 2024-12-08 01:41:50 --> Session: Class initialized using 'CodeIgniter\Session\Handlers\FileHandler' driver.
INFO - 2024-12-08 01:41:52 --> Session: Class initialized using 'CodeIgniter\Session\Handlers\FileHandler' driver.
INFO - 2024-12-08 01:49:37 --> Session: Class initialized using 'CodeIgniter\Session\Handlers\FileHandler' driver.
INFO - 2024-12-08 01:50:20 --> Session: Class initialized using 'CodeIgniter\Session\Handlers\FileHandler' driver.
INFO - 2024-12-08 01:50:21 --> Session: Class initialized using 'CodeIgniter\Session\Handlers\FileHandler' driver.
INFO - 2024-12-08 01:50:38 --> Session: Class initialized using 'CodeIgniter\Session\Handlers\FileHandler' driver.
INFO - 2024-12-08 02:36:07 --> Session: Class initialized using 'CodeIgniter\Session\Handlers\FileHandler' driver.
INFO - 2024-12-08 02:36:16 --> Session: Class initialized using 'CodeIgniter\Session\Handlers\FileHandler' driver.
INFO - 2024-12-08 02:36:27 --> Session: Class initialized using 'CodeIgniter\Session\Handlers\FileHandler' driver.
INFO - 2024-12-08 02:36:30 --> Session: Class initialized using 'CodeIgniter\Session\Handlers\FileHandler' driver.
INFO - 2024-12-08 02:38:16 --> Session: Class initialized using 'CodeIgniter\Session\Handlers\FileHandler' driver.
INFO - 2024-12-08 02:38:16 --> Session: Class initialized using 'CodeIgniter\Session\Handlers\FileHandler' driver.
INFO - 2024-12-08 02:42:26 --> Session: Class initialized using 'CodeIgniter\Session\Handlers\FileHandler' driver.
INFO - 2024-12-08 02:42:26 --> Session: Class initialized using 'CodeIgniter\Session\Handlers\FileHandler' driver.
INFO - 2024-12-08 02:44:09 --> Session: Class initialized using 'CodeIgniter\Session\Handlers\FileHandler' driver.
INFO - 2024-12-08 02:44:09 --> Session: Class initialized using 'CodeIgniter\Session\Handlers\FileHandler' driver.
INFO - 2024-12-08 02:46:04 --> Session: Class initialized using 'CodeIgniter\Session\Handlers\FileHandler' driver.
INFO - 2024-12-08 02:46:04 --> Session: Class initialized using 'CodeIgniter\Session\Handlers\FileHandler' driver.
INFO - 2024-12-08 02:46:47 --> Session: Class initialized using 'CodeIgniter\Session\Handlers\FileHandler' driver.
INFO - 2024-12-08 02:46:48 --> Session: Class initialized using 'CodeIgniter\Session\Handlers\FileHandler' driver.
INFO - 2024-12-08 02:47:21 --> Session: Class initialized using 'CodeIgniter\Session\Handlers\FileHandler' driver.
INFO - 2024-12-08 02:47:21 --> Session: Class initialized using 'CodeIgniter\Session\Handlers\FileHandler' driver.
INFO - 2024-12-08 02:49:26 --> Session: Class initialized using 'CodeIgniter\Session\Handlers\FileHandler' driver.
INFO - 2024-12-08 02:49:26 --> Session: Class initialized using 'CodeIgniter\Session\Handlers\FileHandler' driver.
INFO - 2024-12-08 02:53:51 --> Session: Class initialized using 'CodeIgniter\Session\Handlers\FileHandler' driver.
INFO - 2024-12-08 02:53:52 --> Session: Class initialized using 'CodeIgniter\Session\Handlers\FileHandler' driver.
INFO - 2024-12-08 02:54:07 --> Session: Class initialized using 'CodeIgniter\Session\Handlers\FileHandler' driver.
INFO - 2024-12-08 02:54:08 --> Session: Class initialized using 'CodeIgniter\Session\Handlers\FileHandler' driver.
INFO - 2024-12-08 02:56:46 --> Session: Class initialized using 'CodeIgniter\Session\Handlers\FileHandler' driver.
INFO - 2024-12-08 02:57:05 --> Session: Class initialized using 'CodeIgniter\Session\Handlers\FileHandler' driver.
INFO - 2024-12-08 02:57:06 --> Session: Class initialized using 'CodeIgniter\Session\Handlers\FileHandler' driver.
INFO - 2024-12-08 02:58:43 --> Session: Class initialized using 'CodeIgniter\Session\Handlers\FileHandler' driver.
INFO - 2024-12-08 02:58:43 --> Session: Class initialized using 'CodeIgniter\Session\Handlers\FileHandler' driver.
INFO - 2024-12-08 03:00:44 --> Session: Class initialized using 'CodeIgniter\Session\Handlers\FileHandler' driver.
INFO - 2024-12-08 03:00:44 --> Session: Class initialized using 'CodeIgniter\Session\Handlers\FileHandler' driver.
INFO - 2024-12-08 03:00:58 --> Session: Class initialized using 'CodeIgniter\Session\Handlers\FileHandler' driver.
CRITICAL - 2024-12-08 03:00:58 --> CodeIgniter\Database\Exceptions\DataException: There is no data to insert.
[Method: POST, Route: JenisUjiController/store]
in SYSTEMPATH\BaseModel.php on line 826.
 1 SYSTEMPATH\BaseModel.php(826): CodeIgniter\Database\Exceptions\DataException::forEmptyDataset('insert')
 2 SYSTEMPATH\Model.php(802): CodeIgniter\BaseModel->insert([], true)
 3 APPPATH\Controllers\JenisUjiController.php(37): CodeIgniter\Model->insert([...])
 4 SYSTEMPATH\CodeIgniter.php(933): App\Controllers\JenisUjiController->store()
 5 SYSTEMPATH\CodeIgniter.php(509): CodeIgniter\CodeIgniter->runController(Object(App\Controllers\JenisUjiController))
 6 SYSTEMPATH\CodeIgniter.php(355): CodeIgniter\CodeIgniter->handleRequest(null, Object(Config\Cache), false)
 7 SYSTEMPATH\Boot.php(325): CodeIgniter\CodeIgniter->run()
 8 SYSTEMPATH\Boot.php(67): CodeIgniter\Boot::runCodeIgniter(Object(CodeIgniter\CodeIgniter))
 9 FCPATH\index.php(56): CodeIgniter\Boot::bootWeb(Object(Config\Paths))
INFO - 2024-12-08 03:00:59 --> Session: Class initialized using 'CodeIgniter\Session\Handlers\FileHandler' driver.
CRITICAL - 2024-12-08 03:00:59 --> CodeIgniter\Database\Exceptions\DataException: There is no data to insert.
[Method: POST, Route: JenisUjiController/store]
in SYSTEMPATH\BaseModel.php on line 826.
 1 SYSTEMPATH\BaseModel.php(826): CodeIgniter\Database\Exceptions\DataException::forEmptyDataset('insert')
 2 SYSTEMPATH\Model.php(802): CodeIgniter\BaseModel->insert([], true)
 3 APPPATH\Controllers\JenisUjiController.php(37): CodeIgniter\Model->insert([...])
 4 SYSTEMPATH\CodeIgniter.php(933): App\Controllers\JenisUjiController->store()
 5 SYSTEMPATH\CodeIgniter.php(509): CodeIgniter\CodeIgniter->runController(Object(App\Controllers\JenisUjiController))
 6 SYSTEMPATH\CodeIgniter.php(355): CodeIgniter\CodeIgniter->handleRequest(null, Object(Config\Cache), false)
 7 SYSTEMPATH\Boot.php(325): CodeIgniter\CodeIgniter->run()
 8 SYSTEMPATH\Boot.php(67): CodeIgniter\Boot::runCodeIgniter(Object(CodeIgniter\CodeIgniter))
 9 FCPATH\index.php(56): CodeIgniter\Boot::bootWeb(Object(Config\Paths))
INFO - 2024-12-08 03:01:01 --> Session: Class initialized using 'CodeIgniter\Session\Handlers\FileHandler' driver.
CRITICAL - 2024-12-08 03:01:01 --> CodeIgniter\Database\Exceptions\DataException: There is no data to insert.
[Method: POST, Route: JenisUjiController/store]
in SYSTEMPATH\BaseModel.php on line 826.
 1 SYSTEMPATH\BaseModel.php(826): CodeIgniter\Database\Exceptions\DataException::forEmptyDataset('insert')
 2 SYSTEMPATH\Model.php(802): CodeIgniter\BaseModel->insert([], true)
 3 APPPATH\Controllers\JenisUjiController.php(37): CodeIgniter\Model->insert([...])
 4 SYSTEMPATH\CodeIgniter.php(933): App\Controllers\JenisUjiController->store()
 5 SYSTEMPATH\CodeIgniter.php(509): CodeIgniter\CodeIgniter->runController(Object(App\Controllers\JenisUjiController))
 6 SYSTEMPATH\CodeIgniter.php(355): CodeIgniter\CodeIgniter->handleRequest(null, Object(Config\Cache), false)
 7 SYSTEMPATH\Boot.php(325): CodeIgniter\CodeIgniter->run()
 8 SYSTEMPATH\Boot.php(67): CodeIgniter\Boot::runCodeIgniter(Object(CodeIgniter\CodeIgniter))
 9 FCPATH\index.php(56): CodeIgniter\Boot::bootWeb(Object(Config\Paths))
INFO - 2024-12-08 03:01:01 --> Session: Class initialized using 'CodeIgniter\Session\Handlers\FileHandler' driver.
CRITICAL - 2024-12-08 03:01:01 --> CodeIgniter\Database\Exceptions\DataException: There is no data to insert.
[Method: POST, Route: JenisUjiController/store]
in SYSTEMPATH\BaseModel.php on line 826.
 1 SYSTEMPATH\BaseModel.php(826): CodeIgniter\Database\Exceptions\DataException::forEmptyDataset('insert')
 2 SYSTEMPATH\Model.php(802): CodeIgniter\BaseModel->insert([], true)
 3 APPPATH\Controllers\JenisUjiController.php(37): CodeIgniter\Model->insert([...])
 4 SYSTEMPATH\CodeIgniter.php(933): App\Controllers\JenisUjiController->store()
 5 SYSTEMPATH\CodeIgniter.php(509): CodeIgniter\CodeIgniter->runController(Object(App\Controllers\JenisUjiController))
 6 SYSTEMPATH\CodeIgniter.php(355): CodeIgniter\CodeIgniter->handleRequest(null, Object(Config\Cache), false)
 7 SYSTEMPATH\Boot.php(325): CodeIgniter\CodeIgniter->run()
 8 SYSTEMPATH\Boot.php(67): CodeIgniter\Boot::runCodeIgniter(Object(CodeIgniter\CodeIgniter))
 9 FCPATH\index.php(56): CodeIgniter\Boot::bootWeb(Object(Config\Paths))
INFO - 2024-12-08 03:01:01 --> Session: Class initialized using 'CodeIgniter\Session\Handlers\FileHandler' driver.
CRITICAL - 2024-12-08 03:01:01 --> CodeIgniter\Database\Exceptions\DataException: There is no data to insert.
[Method: POST, Route: JenisUjiController/store]
in SYSTEMPATH\BaseModel.php on line 826.
 1 SYSTEMPATH\BaseModel.php(826): CodeIgniter\Database\Exceptions\DataException::forEmptyDataset('insert')
 2 SYSTEMPATH\Model.php(802): CodeIgniter\BaseModel->insert([], true)
 3 APPPATH\Controllers\JenisUjiController.php(37): CodeIgniter\Model->insert([...])
 4 SYSTEMPATH\CodeIgniter.php(933): App\Controllers\JenisUjiController->store()
 5 SYSTEMPATH\CodeIgniter.php(509): CodeIgniter\CodeIgniter->runController(Object(App\Controllers\JenisUjiController))
 6 SYSTEMPATH\CodeIgniter.php(355): CodeIgniter\CodeIgniter->handleRequest(null, Object(Config\Cache), false)
 7 SYSTEMPATH\Boot.php(325): CodeIgniter\CodeIgniter->run()
 8 SYSTEMPATH\Boot.php(67): CodeIgniter\Boot::runCodeIgniter(Object(CodeIgniter\CodeIgniter))
 9 FCPATH\index.php(56): CodeIgniter\Boot::bootWeb(Object(Config\Paths))
INFO - 2024-12-08 03:05:05 --> Session: Class initialized using 'CodeIgniter\Session\Handlers\FileHandler' driver.
INFO - 2024-12-08 03:05:06 --> Session: Class initialized using 'CodeIgniter\Session\Handlers\FileHandler' driver.
INFO - 2024-12-08 03:05:17 --> Session: Class initialized using 'CodeIgniter\Session\Handlers\FileHandler' driver.
ERROR - 2024-12-08 03:05:17 --> mysqli_sql_exception: Cannot add or update a child row: a foreign key constraint fails (`uas_pbd`.`spesimen`, CONSTRAINT `spesimen_ibfk_1` FOREIGN KEY (`id_spesimen`) REFERENCES `transaksi_spesimen_temp` (`id_spesimennya`)) in C:\xampp\htdocs\pbd2\system\Database\MySQLi\Connection.php:312
Stack trace:
#0 C:\xampp\htdocs\pbd2\system\Database\MySQLi\Connection.php(312): mysqli->query('INSERT INTO `sp...', 0)
#1 C:\xampp\htdocs\pbd2\system\Database\BaseConnection.php(734): CodeIgniter\Database\MySQLi\Connection->execute('INSERT INTO `sp...')
#2 C:\xampp\htdocs\pbd2\system\Database\BaseConnection.php(648): CodeIgniter\Database\BaseConnection->simpleQuery('INSERT INTO `sp...')
#3 C:\xampp\htdocs\pbd2\system\Database\BaseBuilder.php(2340): CodeIgniter\Database\BaseConnection->query('INSERT INTO `sp...', Array, false)
#4 C:\xampp\htdocs\pbd2\system\Model.php(394): CodeIgniter\Database\BaseBuilder->insert()
#5 C:\xampp\htdocs\pbd2\system\BaseModel.php(840): CodeIgniter\Model->doInsert(Array)
#6 C:\xampp\htdocs\pbd2\system\Model.php(802): CodeIgniter\BaseModel->insert(Array, true)
#7 C:\xampp\htdocs\pbd2\app\Controllers\JenisUjiController.php(37): CodeIgniter\Model->insert(Array)
#8 C:\xampp\htdocs\pbd2\system\CodeIgniter.php(933): App\Controllers\JenisUjiController->store()
#9 C:\xampp\htdocs\pbd2\system\CodeIgniter.php(509): CodeIgniter\CodeIgniter->runController(Object(App\Controllers\JenisUjiController))
#10 C:\xampp\htdocs\pbd2\system\CodeIgniter.php(355): CodeIgniter\CodeIgniter->handleRequest(NULL, Object(Config\Cache), false)
#11 C:\xampp\htdocs\pbd2\system\Boot.php(325): CodeIgniter\CodeIgniter->run()
#12 C:\xampp\htdocs\pbd2\system\Boot.php(67): CodeIgniter\Boot::runCodeIgniter(Object(CodeIgniter\CodeIgniter))
#13 C:\xampp\htdocs\pbd2\index.php(56): CodeIgniter\Boot::bootWeb(Object(Config\Paths))
#14 {main}
CRITICAL - 2024-12-08 03:05:17 --> CodeIgniter\Database\Exceptions\DatabaseException: Cannot add or update a child row: a foreign key constraint fails (`uas_pbd`.`spesimen`, CONSTRAINT `spesimen_ibfk_1` FOREIGN KEY (`id_spesimen`) REFERENCES `transaksi_spesimen_temp` (`id_spesimennya`))
[Method: POST, Route: JenisUjiController/store]
in SYSTEMPATH\Database\BaseConnection.php on line 688.
 1 SYSTEMPATH\Database\BaseBuilder.php(2340): CodeIgniter\Database\BaseConnection->query('INSERT INTO `spesimen` (`nama_spesimen`, `harga_spesimen_umum`, `harga_spesimen_mahasiswa`, `satuan`, `status_spesimen`) VALUES (:nama_spesimen:, :harga_spesimen_umum:, :harga_spesimen_mahasiswa:, :satuan:, :status_spesimen:)', [...], false)
 2 SYSTEMPATH\Model.php(394): CodeIgniter\Database\BaseBuilder->insert()
 3 SYSTEMPATH\BaseModel.php(840): CodeIgniter\Model->doInsert([...])
 4 SYSTEMPATH\Model.php(802): CodeIgniter\BaseModel->insert([...], true)
 5 APPPATH\Controllers\JenisUjiController.php(37): CodeIgniter\Model->insert([...])
 6 SYSTEMPATH\CodeIgniter.php(933): App\Controllers\JenisUjiController->store()
 7 SYSTEMPATH\CodeIgniter.php(509): CodeIgniter\CodeIgniter->runController(Object(App\Controllers\JenisUjiController))
 8 SYSTEMPATH\CodeIgniter.php(355): CodeIgniter\CodeIgniter->handleRequest(null, Object(Config\Cache), false)
 9 SYSTEMPATH\Boot.php(325): CodeIgniter\CodeIgniter->run()
10 SYSTEMPATH\Boot.php(67): CodeIgniter\Boot::runCodeIgniter(Object(CodeIgniter\CodeIgniter))
11 FCPATH\index.php(56): CodeIgniter\Boot::bootWeb(Object(Config\Paths))
CRITICAL - 2024-12-08 03:05:17 --> [Caused by] CodeIgniter\Database\Exceptions\DatabaseException: Cannot add or update a child row: a foreign key constraint fails (`uas_pbd`.`spesimen`, CONSTRAINT `spesimen_ibfk_1` FOREIGN KEY (`id_spesimen`) REFERENCES `transaksi_spesimen_temp` (`id_spesimennya`))
in SYSTEMPATH\Database\MySQLi\Connection.php on line 317.
 1 SYSTEMPATH\Database\BaseConnection.php(734): CodeIgniter\Database\MySQLi\Connection->execute('INSERT INTO `spesimen` (`nama_spesimen`, `harga_spesimen_umum`, `harga_spesimen_mahasiswa`, `satuan`, `status_spesimen`) VALUES (\'e7fb49236618451869477588922486ab8a4e0b18\', \'1000000000\', \'1\', \'adadads\', \'Aktif\')')
 2 SYSTEMPATH\Database\BaseConnection.php(648): CodeIgniter\Database\BaseConnection->simpleQuery('INSERT INTO `spesimen` (`nama_spesimen`, `harga_spesimen_umum`, `harga_spesimen_mahasiswa`, `satuan`, `status_spesimen`) VALUES (\'e7fb49236618451869477588922486ab8a4e0b18\', \'1000000000\', \'1\', \'adadads\', \'Aktif\')')
 3 SYSTEMPATH\Database\BaseBuilder.php(2340): CodeIgniter\Database\BaseConnection->query('INSERT INTO `spesimen` (`nama_spesimen`, `harga_spesimen_umum`, `harga_spesimen_mahasiswa`, `satuan`, `status_spesimen`) VALUES (:nama_spesimen:, :harga_spesimen_umum:, :harga_spesimen_mahasiswa:, :satuan:, :status_spesimen:)', [...], false)
 4 SYSTEMPATH\Model.php(394): CodeIgniter\Database\BaseBuilder->insert()
 5 SYSTEMPATH\BaseModel.php(840): CodeIgniter\Model->doInsert([...])
 6 SYSTEMPATH\Model.php(802): CodeIgniter\BaseModel->insert([...], true)
 7 APPPATH\Controllers\JenisUjiController.php(37): CodeIgniter\Model->insert([...])
 8 SYSTEMPATH\CodeIgniter.php(933): App\Controllers\JenisUjiController->store()
 9 SYSTEMPATH\CodeIgniter.php(509): CodeIgniter\CodeIgniter->runController(Object(App\Controllers\JenisUjiController))
10 SYSTEMPATH\CodeIgniter.php(355): CodeIgniter\CodeIgniter->handleRequest(null, Object(Config\Cache), false)
11 SYSTEMPATH\Boot.php(325): CodeIgniter\CodeIgniter->run()
12 SYSTEMPATH\Boot.php(67): CodeIgniter\Boot::runCodeIgniter(Object(CodeIgniter\CodeIgniter))
13 FCPATH\index.php(56): CodeIgniter\Boot::bootWeb(Object(Config\Paths))
CRITICAL - 2024-12-08 03:05:17 --> [Caused by] mysqli_sql_exception: Cannot add or update a child row: a foreign key constraint fails (`uas_pbd`.`spesimen`, CONSTRAINT `spesimen_ibfk_1` FOREIGN KEY (`id_spesimen`) REFERENCES `transaksi_spesimen_temp` (`id_spesimennya`))
in SYSTEMPATH\Database\MySQLi\Connection.php on line 312.
 1 SYSTEMPATH\Database\MySQLi\Connection.php(312): mysqli->query('INSERT INTO `spesimen` (`nama_spesimen`, `harga_spesimen_umum`, `harga_spesimen_mahasiswa`, `satuan`, `status_spesimen`) VALUES (\'e7fb49236618451869477588922486ab8a4e0b18\', \'1000000000\', \'1\', \'adadads\', \'Aktif\')', 0)
 2 SYSTEMPATH\Database\BaseConnection.php(734): CodeIgniter\Database\MySQLi\Connection->execute('INSERT INTO `spesimen` (`nama_spesimen`, `harga_spesimen_umum`, `harga_spesimen_mahasiswa`, `satuan`, `status_spesimen`) VALUES (\'e7fb49236618451869477588922486ab8a4e0b18\', \'1000000000\', \'1\', \'adadads\', \'Aktif\')')
 3 SYSTEMPATH\Database\BaseConnection.php(648): CodeIgniter\Database\BaseConnection->simpleQuery('INSERT INTO `spesimen` (`nama_spesimen`, `harga_spesimen_umum`, `harga_spesimen_mahasiswa`, `satuan`, `status_spesimen`) VALUES (\'e7fb49236618451869477588922486ab8a4e0b18\', \'1000000000\', \'1\', \'adadads\', \'Aktif\')')
 4 SYSTEMPATH\Database\BaseBuilder.php(2340): CodeIgniter\Database\BaseConnection->query('INSERT INTO `spesimen` (`nama_spesimen`, `harga_spesimen_umum`, `harga_spesimen_mahasiswa`, `satuan`, `status_spesimen`) VALUES (:nama_spesimen:, :harga_spesimen_umum:, :harga_spesimen_mahasiswa:, :satuan:, :status_spesimen:)', [...], false)
 5 SYSTEMPATH\Model.php(394): CodeIgniter\Database\BaseBuilder->insert()
 6 SYSTEMPATH\BaseModel.php(840): CodeIgniter\Model->doInsert([...])
 7 SYSTEMPATH\Model.php(802): CodeIgniter\BaseModel->insert([...], true)
 8 APPPATH\Controllers\JenisUjiController.php(37): CodeIgniter\Model->insert([...])
 9 SYSTEMPATH\CodeIgniter.php(933): App\Controllers\JenisUjiController->store()
10 SYSTEMPATH\CodeIgniter.php(509): CodeIgniter\CodeIgniter->runController(Object(App\Controllers\JenisUjiController))
11 SYSTEMPATH\CodeIgniter.php(355): CodeIgniter\CodeIgniter->handleRequest(null, Object(Config\Cache), false)
12 SYSTEMPATH\Boot.php(325): CodeIgniter\CodeIgniter->run()
13 SYSTEMPATH\Boot.php(67): CodeIgniter\Boot::runCodeIgniter(Object(CodeIgniter\CodeIgniter))
14 FCPATH\index.php(56): CodeIgniter\Boot::bootWeb(Object(Config\Paths))
INFO - 2024-12-08 03:05:57 --> Session: Class initialized using 'CodeIgniter\Session\Handlers\FileHandler' driver.
ERROR - 2024-12-08 03:05:57 --> mysqli_sql_exception: Cannot add or update a child row: a foreign key constraint fails (`uas_pbd`.`spesimen`, CONSTRAINT `spesimen_ibfk_1` FOREIGN KEY (`id_spesimen`) REFERENCES `transaksi_spesimen_temp` (`id_spesimennya`)) in C:\xampp\htdocs\pbd2\system\Database\MySQLi\Connection.php:312
Stack trace:
#0 C:\xampp\htdocs\pbd2\system\Database\MySQLi\Connection.php(312): mysqli->query('INSERT INTO `sp...', 0)
#1 C:\xampp\htdocs\pbd2\system\Database\BaseConnection.php(734): CodeIgniter\Database\MySQLi\Connection->execute('INSERT INTO `sp...')
#2 C:\xampp\htdocs\pbd2\system\Database\BaseConnection.php(648): CodeIgniter\Database\BaseConnection->simpleQuery('INSERT INTO `sp...')
#3 C:\xampp\htdocs\pbd2\system\Database\BaseBuilder.php(2340): CodeIgniter\Database\BaseConnection->query('INSERT INTO `sp...', Array, false)
#4 C:\xampp\htdocs\pbd2\system\Model.php(394): CodeIgniter\Database\BaseBuilder->insert()
#5 C:\xampp\htdocs\pbd2\system\BaseModel.php(840): CodeIgniter\Model->doInsert(Array)
#6 C:\xampp\htdocs\pbd2\system\Model.php(802): CodeIgniter\BaseModel->insert(Array, true)
#7 C:\xampp\htdocs\pbd2\app\Controllers\JenisUjiController.php(37): CodeIgniter\Model->insert(Array)
#8 C:\xampp\htdocs\pbd2\system\CodeIgniter.php(933): App\Controllers\JenisUjiController->store()
#9 C:\xampp\htdocs\pbd2\system\CodeIgniter.php(509): CodeIgniter\CodeIgniter->runController(Object(App\Controllers\JenisUjiController))
#10 C:\xampp\htdocs\pbd2\system\CodeIgniter.php(355): CodeIgniter\CodeIgniter->handleRequest(NULL, Object(Config\Cache), false)
#11 C:\xampp\htdocs\pbd2\system\Boot.php(325): CodeIgniter\CodeIgniter->run()
#12 C:\xampp\htdocs\pbd2\system\Boot.php(67): CodeIgniter\Boot::runCodeIgniter(Object(CodeIgniter\CodeIgniter))
#13 C:\xampp\htdocs\pbd2\index.php(56): CodeIgniter\Boot::bootWeb(Object(Config\Paths))
#14 {main}
CRITICAL - 2024-12-08 03:05:57 --> CodeIgniter\Database\Exceptions\DatabaseException: Cannot add or update a child row: a foreign key constraint fails (`uas_pbd`.`spesimen`, CONSTRAINT `spesimen_ibfk_1` FOREIGN KEY (`id_spesimen`) REFERENCES `transaksi_spesimen_temp` (`id_spesimennya`))
[Method: POST, Route: JenisUjiController/store]
in SYSTEMPATH\Database\BaseConnection.php on line 688.
 1 SYSTEMPATH\Database\BaseBuilder.php(2340): CodeIgniter\Database\BaseConnection->query('INSERT INTO `spesimen` (`nama_spesimen`, `harga_spesimen_umum`, `harga_spesimen_mahasiswa`, `satuan`, `status_spesimen`) VALUES (:nama_spesimen:, :harga_spesimen_umum:, :harga_spesimen_mahasiswa:, :satuan:, :status_spesimen:)', [...], false)
 2 SYSTEMPATH\Model.php(394): CodeIgniter\Database\BaseBuilder->insert()
 3 SYSTEMPATH\BaseModel.php(840): CodeIgniter\Model->doInsert([...])
 4 SYSTEMPATH\Model.php(802): CodeIgniter\BaseModel->insert([...], true)
 5 APPPATH\Controllers\JenisUjiController.php(37): CodeIgniter\Model->insert([...])
 6 SYSTEMPATH\CodeIgniter.php(933): App\Controllers\JenisUjiController->store()
 7 SYSTEMPATH\CodeIgniter.php(509): CodeIgniter\CodeIgniter->runController(Object(App\Controllers\JenisUjiController))
 8 SYSTEMPATH\CodeIgniter.php(355): CodeIgniter\CodeIgniter->handleRequest(null, Object(Config\Cache), false)
 9 SYSTEMPATH\Boot.php(325): CodeIgniter\CodeIgniter->run()
10 SYSTEMPATH\Boot.php(67): CodeIgniter\Boot::runCodeIgniter(Object(CodeIgniter\CodeIgniter))
11 FCPATH\index.php(56): CodeIgniter\Boot::bootWeb(Object(Config\Paths))
CRITICAL - 2024-12-08 03:05:57 --> [Caused by] CodeIgniter\Database\Exceptions\DatabaseException: Cannot add or update a child row: a foreign key constraint fails (`uas_pbd`.`spesimen`, CONSTRAINT `spesimen_ibfk_1` FOREIGN KEY (`id_spesimen`) REFERENCES `transaksi_spesimen_temp` (`id_spesimennya`))
in SYSTEMPATH\Database\MySQLi\Connection.php on line 317.
 1 SYSTEMPATH\Database\BaseConnection.php(734): CodeIgniter\Database\MySQLi\Connection->execute('INSERT INTO `spesimen` (`nama_spesimen`, `harga_spesimen_umum`, `harga_spesimen_mahasiswa`, `satuan`, `status_spesimen`) VALUES (\'e7fb49236618451869477588922486ab8a4e0b18\', \'1000000000\', \'1\', \'adadads\', \'Aktif\')')
 2 SYSTEMPATH\Database\BaseConnection.php(648): CodeIgniter\Database\BaseConnection->simpleQuery('INSERT INTO `spesimen` (`nama_spesimen`, `harga_spesimen_umum`, `harga_spesimen_mahasiswa`, `satuan`, `status_spesimen`) VALUES (\'e7fb49236618451869477588922486ab8a4e0b18\', \'1000000000\', \'1\', \'adadads\', \'Aktif\')')
 3 SYSTEMPATH\Database\BaseBuilder.php(2340): CodeIgniter\Database\BaseConnection->query('INSERT INTO `spesimen` (`nama_spesimen`, `harga_spesimen_umum`, `harga_spesimen_mahasiswa`, `satuan`, `status_spesimen`) VALUES (:nama_spesimen:, :harga_spesimen_umum:, :harga_spesimen_mahasiswa:, :satuan:, :status_spesimen:)', [...], false)
 4 SYSTEMPATH\Model.php(394): CodeIgniter\Database\BaseBuilder->insert()
 5 SYSTEMPATH\BaseModel.php(840): CodeIgniter\Model->doInsert([...])
 6 SYSTEMPATH\Model.php(802): CodeIgniter\BaseModel->insert([...], true)
 7 APPPATH\Controllers\JenisUjiController.php(37): CodeIgniter\Model->insert([...])
 8 SYSTEMPATH\CodeIgniter.php(933): App\Controllers\JenisUjiController->store()
 9 SYSTEMPATH\CodeIgniter.php(509): CodeIgniter\CodeIgniter->runController(Object(App\Controllers\JenisUjiController))
10 SYSTEMPATH\CodeIgniter.php(355): CodeIgniter\CodeIgniter->handleRequest(null, Object(Config\Cache), false)
11 SYSTEMPATH\Boot.php(325): CodeIgniter\CodeIgniter->run()
12 SYSTEMPATH\Boot.php(67): CodeIgniter\Boot::runCodeIgniter(Object(CodeIgniter\CodeIgniter))
13 FCPATH\index.php(56): CodeIgniter\Boot::bootWeb(Object(Config\Paths))
CRITICAL - 2024-12-08 03:05:57 --> [Caused by] mysqli_sql_exception: Cannot add or update a child row: a foreign key constraint fails (`uas_pbd`.`spesimen`, CONSTRAINT `spesimen_ibfk_1` FOREIGN KEY (`id_spesimen`) REFERENCES `transaksi_spesimen_temp` (`id_spesimennya`))
in SYSTEMPATH\Database\MySQLi\Connection.php on line 312.
 1 SYSTEMPATH\Database\MySQLi\Connection.php(312): mysqli->query('INSERT INTO `spesimen` (`nama_spesimen`, `harga_spesimen_umum`, `harga_spesimen_mahasiswa`, `satuan`, `status_spesimen`) VALUES (\'e7fb49236618451869477588922486ab8a4e0b18\', \'1000000000\', \'1\', \'adadads\', \'Aktif\')', 0)
 2 SYSTEMPATH\Database\BaseConnection.php(734): CodeIgniter\Database\MySQLi\Connection->execute('INSERT INTO `spesimen` (`nama_spesimen`, `harga_spesimen_umum`, `harga_spesimen_mahasiswa`, `satuan`, `status_spesimen`) VALUES (\'e7fb49236618451869477588922486ab8a4e0b18\', \'1000000000\', \'1\', \'adadads\', \'Aktif\')')
 3 SYSTEMPATH\Database\BaseConnection.php(648): CodeIgniter\Database\BaseConnection->simpleQuery('INSERT INTO `spesimen` (`nama_spesimen`, `harga_spesimen_umum`, `harga_spesimen_mahasiswa`, `satuan`, `status_spesimen`) VALUES (\'e7fb49236618451869477588922486ab8a4e0b18\', \'1000000000\', \'1\', \'adadads\', \'Aktif\')')
 4 SYSTEMPATH\Database\BaseBuilder.php(2340): CodeIgniter\Database\BaseConnection->query('INSERT INTO `spesimen` (`nama_spesimen`, `harga_spesimen_umum`, `harga_spesimen_mahasiswa`, `satuan`, `status_spesimen`) VALUES (:nama_spesimen:, :harga_spesimen_umum:, :harga_spesimen_mahasiswa:, :satuan:, :status_spesimen:)', [...], false)
 5 SYSTEMPATH\Model.php(394): CodeIgniter\Database\BaseBuilder->insert()
 6 SYSTEMPATH\BaseModel.php(840): CodeIgniter\Model->doInsert([...])
 7 SYSTEMPATH\Model.php(802): CodeIgniter\BaseModel->insert([...], true)
 8 APPPATH\Controllers\JenisUjiController.php(37): CodeIgniter\Model->insert([...])
 9 SYSTEMPATH\CodeIgniter.php(933): App\Controllers\JenisUjiController->store()
10 SYSTEMPATH\CodeIgniter.php(509): CodeIgniter\CodeIgniter->runController(Object(App\Controllers\JenisUjiController))
11 SYSTEMPATH\CodeIgniter.php(355): CodeIgniter\CodeIgniter->handleRequest(null, Object(Config\Cache), false)
12 SYSTEMPATH\Boot.php(325): CodeIgniter\CodeIgniter->run()
13 SYSTEMPATH\Boot.php(67): CodeIgniter\Boot::runCodeIgniter(Object(CodeIgniter\CodeIgniter))
14 FCPATH\index.php(56): CodeIgniter\Boot::bootWeb(Object(Config\Paths))
INFO - 2024-12-08 03:10:57 --> Session: Class initialized using 'CodeIgniter\Session\Handlers\FileHandler' driver.
INFO - 2024-12-08 03:10:57 --> Session: Class initialized using 'CodeIgniter\Session\Handlers\FileHandler' driver.
INFO - 2024-12-08 03:11:10 --> Session: Class initialized using 'CodeIgniter\Session\Handlers\FileHandler' driver.
ERROR - 2024-12-08 03:11:10 --> mysqli_sql_exception: Cannot add or update a child row: a foreign key constraint fails (`uas_pbd`.`spesimen`, CONSTRAINT `spesimen_ibfk_1` FOREIGN KEY (`id_spesimen`) REFERENCES `transaksi_spesimen_temp` (`id_spesimennya`)) in C:\xampp\htdocs\pbd2\system\Database\MySQLi\Connection.php:312
Stack trace:
#0 C:\xampp\htdocs\pbd2\system\Database\MySQLi\Connection.php(312): mysqli->query('INSERT INTO `sp...', 0)
#1 C:\xampp\htdocs\pbd2\system\Database\BaseConnection.php(734): CodeIgniter\Database\MySQLi\Connection->execute('INSERT INTO `sp...')
#2 C:\xampp\htdocs\pbd2\system\Database\BaseConnection.php(648): CodeIgniter\Database\BaseConnection->simpleQuery('INSERT INTO `sp...')
#3 C:\xampp\htdocs\pbd2\system\Database\BaseBuilder.php(2340): CodeIgniter\Database\BaseConnection->query('INSERT INTO `sp...', Array, false)
#4 C:\xampp\htdocs\pbd2\system\Model.php(394): CodeIgniter\Database\BaseBuilder->insert()
#5 C:\xampp\htdocs\pbd2\system\BaseModel.php(840): CodeIgniter\Model->doInsert(Array)
#6 C:\xampp\htdocs\pbd2\system\Model.php(802): CodeIgniter\BaseModel->insert(Array, true)
#7 C:\xampp\htdocs\pbd2\app\Controllers\JenisUjiController.php(37): CodeIgniter\Model->insert(Array)
#8 C:\xampp\htdocs\pbd2\system\CodeIgniter.php(933): App\Controllers\JenisUjiController->store()
#9 C:\xampp\htdocs\pbd2\system\CodeIgniter.php(509): CodeIgniter\CodeIgniter->runController(Object(App\Controllers\JenisUjiController))
#10 C:\xampp\htdocs\pbd2\system\CodeIgniter.php(355): CodeIgniter\CodeIgniter->handleRequest(NULL, Object(Config\Cache), false)
#11 C:\xampp\htdocs\pbd2\system\Boot.php(325): CodeIgniter\CodeIgniter->run()
#12 C:\xampp\htdocs\pbd2\system\Boot.php(67): CodeIgniter\Boot::runCodeIgniter(Object(CodeIgniter\CodeIgniter))
#13 C:\xampp\htdocs\pbd2\index.php(56): CodeIgniter\Boot::bootWeb(Object(Config\Paths))
#14 {main}
CRITICAL - 2024-12-08 03:11:10 --> CodeIgniter\Database\Exceptions\DatabaseException: Cannot add or update a child row: a foreign key constraint fails (`uas_pbd`.`spesimen`, CONSTRAINT `spesimen_ibfk_1` FOREIGN KEY (`id_spesimen`) REFERENCES `transaksi_spesimen_temp` (`id_spesimennya`))
[Method: POST, Route: JenisUjiController/store]
in SYSTEMPATH\Database\BaseConnection.php on line 688.
 1 SYSTEMPATH\Database\BaseBuilder.php(2340): CodeIgniter\Database\BaseConnection->query('INSERT INTO `spesimen` (`nama_spesimen`, `harga_spesimen_umum`, `harga_spesimen_mahasiswa`, `satuan`, `status_spesimen`) VALUES (:nama_spesimen:, :harga_spesimen_umum:, :harga_spesimen_mahasiswa:, :satuan:, :status_spesimen:)', [...], false)
 2 SYSTEMPATH\Model.php(394): CodeIgniter\Database\BaseBuilder->insert()
 3 SYSTEMPATH\BaseModel.php(840): CodeIgniter\Model->doInsert([...])
 4 SYSTEMPATH\Model.php(802): CodeIgniter\BaseModel->insert([...], true)
 5 APPPATH\Controllers\JenisUjiController.php(37): CodeIgniter\Model->insert([...])
 6 SYSTEMPATH\CodeIgniter.php(933): App\Controllers\JenisUjiController->store()
 7 SYSTEMPATH\CodeIgniter.php(509): CodeIgniter\CodeIgniter->runController(Object(App\Controllers\JenisUjiController))
 8 SYSTEMPATH\CodeIgniter.php(355): CodeIgniter\CodeIgniter->handleRequest(null, Object(Config\Cache), false)
 9 SYSTEMPATH\Boot.php(325): CodeIgniter\CodeIgniter->run()
10 SYSTEMPATH\Boot.php(67): CodeIgniter\Boot::runCodeIgniter(Object(CodeIgniter\CodeIgniter))
11 FCPATH\index.php(56): CodeIgniter\Boot::bootWeb(Object(Config\Paths))
CRITICAL - 2024-12-08 03:11:10 --> [Caused by] CodeIgniter\Database\Exceptions\DatabaseException: Cannot add or update a child row: a foreign key constraint fails (`uas_pbd`.`spesimen`, CONSTRAINT `spesimen_ibfk_1` FOREIGN KEY (`id_spesimen`) REFERENCES `transaksi_spesimen_temp` (`id_spesimennya`))
in SYSTEMPATH\Database\MySQLi\Connection.php on line 317.
 1 SYSTEMPATH\Database\BaseConnection.php(734): CodeIgniter\Database\MySQLi\Connection->execute('INSERT INTO `spesimen` (`nama_spesimen`, `harga_spesimen_umum`, `harga_spesimen_mahasiswa`, `satuan`, `status_spesimen`) VALUES (\'dadadqas\', \'1000000000\', \'100000000000\', \'adadads\', \'Aktif\')')
 2 SYSTEMPATH\Database\BaseConnection.php(648): CodeIgniter\Database\BaseConnection->simpleQuery('INSERT INTO `spesimen` (`nama_spesimen`, `harga_spesimen_umum`, `harga_spesimen_mahasiswa`, `satuan`, `status_spesimen`) VALUES (\'dadadqas\', \'1000000000\', \'100000000000\', \'adadads\', \'Aktif\')')
 3 SYSTEMPATH\Database\BaseBuilder.php(2340): CodeIgniter\Database\BaseConnection->query('INSERT INTO `spesimen` (`nama_spesimen`, `harga_spesimen_umum`, `harga_spesimen_mahasiswa`, `satuan`, `status_spesimen`) VALUES (:nama_spesimen:, :harga_spesimen_umum:, :harga_spesimen_mahasiswa:, :satuan:, :status_spesimen:)', [...], false)
 4 SYSTEMPATH\Model.php(394): CodeIgniter\Database\BaseBuilder->insert()
 5 SYSTEMPATH\BaseModel.php(840): CodeIgniter\Model->doInsert([...])
 6 SYSTEMPATH\Model.php(802): CodeIgniter\BaseModel->insert([...], true)
 7 APPPATH\Controllers\JenisUjiController.php(37): CodeIgniter\Model->insert([...])
 8 SYSTEMPATH\CodeIgniter.php(933): App\Controllers\JenisUjiController->store()
 9 SYSTEMPATH\CodeIgniter.php(509): CodeIgniter\CodeIgniter->runController(Object(App\Controllers\JenisUjiController))
10 SYSTEMPATH\CodeIgniter.php(355): CodeIgniter\CodeIgniter->handleRequest(null, Object(Config\Cache), false)
11 SYSTEMPATH\Boot.php(325): CodeIgniter\CodeIgniter->run()
12 SYSTEMPATH\Boot.php(67): CodeIgniter\Boot::runCodeIgniter(Object(CodeIgniter\CodeIgniter))
13 FCPATH\index.php(56): CodeIgniter\Boot::bootWeb(Object(Config\Paths))
CRITICAL - 2024-12-08 03:11:10 --> [Caused by] mysqli_sql_exception: Cannot add or update a child row: a foreign key constraint fails (`uas_pbd`.`spesimen`, CONSTRAINT `spesimen_ibfk_1` FOREIGN KEY (`id_spesimen`) REFERENCES `transaksi_spesimen_temp` (`id_spesimennya`))
in SYSTEMPATH\Database\MySQLi\Connection.php on line 312.
 1 SYSTEMPATH\Database\MySQLi\Connection.php(312): mysqli->query('INSERT INTO `spesimen` (`nama_spesimen`, `harga_spesimen_umum`, `harga_spesimen_mahasiswa`, `satuan`, `status_spesimen`) VALUES (\'dadadqas\', \'1000000000\', \'100000000000\', \'adadads\', \'Aktif\')', 0)
 2 SYSTEMPATH\Database\BaseConnection.php(734): CodeIgniter\Database\MySQLi\Connection->execute('INSERT INTO `spesimen` (`nama_spesimen`, `harga_spesimen_umum`, `harga_spesimen_mahasiswa`, `satuan`, `status_spesimen`) VALUES (\'dadadqas\', \'1000000000\', \'100000000000\', \'adadads\', \'Aktif\')')
 3 SYSTEMPATH\Database\BaseConnection.php(648): CodeIgniter\Database\BaseConnection->simpleQuery('INSERT INTO `spesimen` (`nama_spesimen`, `harga_spesimen_umum`, `harga_spesimen_mahasiswa`, `satuan`, `status_spesimen`) VALUES (\'dadadqas\', \'1000000000\', \'100000000000\', \'adadads\', \'Aktif\')')
 4 SYSTEMPATH\Database\BaseBuilder.php(2340): CodeIgniter\Database\BaseConnection->query('INSERT INTO `spesimen` (`nama_spesimen`, `harga_spesimen_umum`, `harga_spesimen_mahasiswa`, `satuan`, `status_spesimen`) VALUES (:nama_spesimen:, :harga_spesimen_umum:, :harga_spesimen_mahasiswa:, :satuan:, :status_spesimen:)', [...], false)
 5 SYSTEMPATH\Model.php(394): CodeIgniter\Database\BaseBuilder->insert()
 6 SYSTEMPATH\BaseModel.php(840): CodeIgniter\Model->doInsert([...])
 7 SYSTEMPATH\Model.php(802): CodeIgniter\BaseModel->insert([...], true)
 8 APPPATH\Controllers\JenisUjiController.php(37): CodeIgniter\Model->insert([...])
 9 SYSTEMPATH\CodeIgniter.php(933): App\Controllers\JenisUjiController->store()
10 SYSTEMPATH\CodeIgniter.php(509): CodeIgniter\CodeIgniter->runController(Object(App\Controllers\JenisUjiController))
11 SYSTEMPATH\CodeIgniter.php(355): CodeIgniter\CodeIgniter->handleRequest(null, Object(Config\Cache), false)
12 SYSTEMPATH\Boot.php(325): CodeIgniter\CodeIgniter->run()
13 SYSTEMPATH\Boot.php(67): CodeIgniter\Boot::runCodeIgniter(Object(CodeIgniter\CodeIgniter))
14 FCPATH\index.php(56): CodeIgniter\Boot::bootWeb(Object(Config\Paths))
INFO - 2024-12-08 03:11:14 --> Session: Class initialized using 'CodeIgniter\Session\Handlers\FileHandler' driver.
ERROR - 2024-12-08 03:11:14 --> mysqli_sql_exception: Cannot add or update a child row: a foreign key constraint fails (`uas_pbd`.`spesimen`, CONSTRAINT `spesimen_ibfk_1` FOREIGN KEY (`id_spesimen`) REFERENCES `transaksi_spesimen_temp` (`id_spesimennya`)) in C:\xampp\htdocs\pbd2\system\Database\MySQLi\Connection.php:312
Stack trace:
#0 C:\xampp\htdocs\pbd2\system\Database\MySQLi\Connection.php(312): mysqli->query('INSERT INTO `sp...', 0)
#1 C:\xampp\htdocs\pbd2\system\Database\BaseConnection.php(734): CodeIgniter\Database\MySQLi\Connection->execute('INSERT INTO `sp...')
#2 C:\xampp\htdocs\pbd2\system\Database\BaseConnection.php(648): CodeIgniter\Database\BaseConnection->simpleQuery('INSERT INTO `sp...')
#3 C:\xampp\htdocs\pbd2\system\Database\BaseBuilder.php(2340): CodeIgniter\Database\BaseConnection->query('INSERT INTO `sp...', Array, false)
#4 C:\xampp\htdocs\pbd2\system\Model.php(394): CodeIgniter\Database\BaseBuilder->insert()
#5 C:\xampp\htdocs\pbd2\system\BaseModel.php(840): CodeIgniter\Model->doInsert(Array)
#6 C:\xampp\htdocs\pbd2\system\Model.php(802): CodeIgniter\BaseModel->insert(Array, true)
#7 C:\xampp\htdocs\pbd2\app\Controllers\JenisUjiController.php(37): CodeIgniter\Model->insert(Array)
#8 C:\xampp\htdocs\pbd2\system\CodeIgniter.php(933): App\Controllers\JenisUjiController->store()
#9 C:\xampp\htdocs\pbd2\system\CodeIgniter.php(509): CodeIgniter\CodeIgniter->runController(Object(App\Controllers\JenisUjiController))
#10 C:\xampp\htdocs\pbd2\system\CodeIgniter.php(355): CodeIgniter\CodeIgniter->handleRequest(NULL, Object(Config\Cache), false)
#11 C:\xampp\htdocs\pbd2\system\Boot.php(325): CodeIgniter\CodeIgniter->run()
#12 C:\xampp\htdocs\pbd2\system\Boot.php(67): CodeIgniter\Boot::runCodeIgniter(Object(CodeIgniter\CodeIgniter))
#13 C:\xampp\htdocs\pbd2\index.php(56): CodeIgniter\Boot::bootWeb(Object(Config\Paths))
#14 {main}
CRITICAL - 2024-12-08 03:11:14 --> CodeIgniter\Database\Exceptions\DatabaseException: Cannot add or update a child row: a foreign key constraint fails (`uas_pbd`.`spesimen`, CONSTRAINT `spesimen_ibfk_1` FOREIGN KEY (`id_spesimen`) REFERENCES `transaksi_spesimen_temp` (`id_spesimennya`))
[Method: POST, Route: JenisUjiController/store]
in SYSTEMPATH\Database\BaseConnection.php on line 688.
 1 SYSTEMPATH\Database\BaseBuilder.php(2340): CodeIgniter\Database\BaseConnection->query('INSERT INTO `spesimen` (`nama_spesimen`, `harga_spesimen_umum`, `harga_spesimen_mahasiswa`, `satuan`, `status_spesimen`) VALUES (:nama_spesimen:, :harga_spesimen_umum:, :harga_spesimen_mahasiswa:, :satuan:, :status_spesimen:)', [...], false)
 2 SYSTEMPATH\Model.php(394): CodeIgniter\Database\BaseBuilder->insert()
 3 SYSTEMPATH\BaseModel.php(840): CodeIgniter\Model->doInsert([...])
 4 SYSTEMPATH\Model.php(802): CodeIgniter\BaseModel->insert([...], true)
 5 APPPATH\Controllers\JenisUjiController.php(37): CodeIgniter\Model->insert([...])
 6 SYSTEMPATH\CodeIgniter.php(933): App\Controllers\JenisUjiController->store()
 7 SYSTEMPATH\CodeIgniter.php(509): CodeIgniter\CodeIgniter->runController(Object(App\Controllers\JenisUjiController))
 8 SYSTEMPATH\CodeIgniter.php(355): CodeIgniter\CodeIgniter->handleRequest(null, Object(Config\Cache), false)
 9 SYSTEMPATH\Boot.php(325): CodeIgniter\CodeIgniter->run()
10 SYSTEMPATH\Boot.php(67): CodeIgniter\Boot::runCodeIgniter(Object(CodeIgniter\CodeIgniter))
11 FCPATH\index.php(56): CodeIgniter\Boot::bootWeb(Object(Config\Paths))
CRITICAL - 2024-12-08 03:11:14 --> [Caused by] CodeIgniter\Database\Exceptions\DatabaseException: Cannot add or update a child row: a foreign key constraint fails (`uas_pbd`.`spesimen`, CONSTRAINT `spesimen_ibfk_1` FOREIGN KEY (`id_spesimen`) REFERENCES `transaksi_spesimen_temp` (`id_spesimennya`))
in SYSTEMPATH\Database\MySQLi\Connection.php on line 317.
 1 SYSTEMPATH\Database\BaseConnection.php(734): CodeIgniter\Database\MySQLi\Connection->execute('INSERT INTO `spesimen` (`nama_spesimen`, `harga_spesimen_umum`, `harga_spesimen_mahasiswa`, `satuan`, `status_spesimen`) VALUES (\'dadadqas\', \'1000000000\', \'100000000000\', \'adadads\', \'Aktif\')')
 2 SYSTEMPATH\Database\BaseConnection.php(648): CodeIgniter\Database\BaseConnection->simpleQuery('INSERT INTO `spesimen` (`nama_spesimen`, `harga_spesimen_umum`, `harga_spesimen_mahasiswa`, `satuan`, `status_spesimen`) VALUES (\'dadadqas\', \'1000000000\', \'100000000000\', \'adadads\', \'Aktif\')')
 3 SYSTEMPATH\Database\BaseBuilder.php(2340): CodeIgniter\Database\BaseConnection->query('INSERT INTO `spesimen` (`nama_spesimen`, `harga_spesimen_umum`, `harga_spesimen_mahasiswa`, `satuan`, `status_spesimen`) VALUES (:nama_spesimen:, :harga_spesimen_umum:, :harga_spesimen_mahasiswa:, :satuan:, :status_spesimen:)', [...], false)
 4 SYSTEMPATH\Model.php(394): CodeIgniter\Database\BaseBuilder->insert()
 5 SYSTEMPATH\BaseModel.php(840): CodeIgniter\Model->doInsert([...])
 6 SYSTEMPATH\Model.php(802): CodeIgniter\BaseModel->insert([...], true)
 7 APPPATH\Controllers\JenisUjiController.php(37): CodeIgniter\Model->insert([...])
 8 SYSTEMPATH\CodeIgniter.php(933): App\Controllers\JenisUjiController->store()
 9 SYSTEMPATH\CodeIgniter.php(509): CodeIgniter\CodeIgniter->runController(Object(App\Controllers\JenisUjiController))
10 SYSTEMPATH\CodeIgniter.php(355): CodeIgniter\CodeIgniter->handleRequest(null, Object(Config\Cache), false)
11 SYSTEMPATH\Boot.php(325): CodeIgniter\CodeIgniter->run()
12 SYSTEMPATH\Boot.php(67): CodeIgniter\Boot::runCodeIgniter(Object(CodeIgniter\CodeIgniter))
13 FCPATH\index.php(56): CodeIgniter\Boot::bootWeb(Object(Config\Paths))
CRITICAL - 2024-12-08 03:11:14 --> [Caused by] mysqli_sql_exception: Cannot add or update a child row: a foreign key constraint fails (`uas_pbd`.`spesimen`, CONSTRAINT `spesimen_ibfk_1` FOREIGN KEY (`id_spesimen`) REFERENCES `transaksi_spesimen_temp` (`id_spesimennya`))
in SYSTEMPATH\Database\MySQLi\Connection.php on line 312.
 1 SYSTEMPATH\Database\MySQLi\Connection.php(312): mysqli->query('INSERT INTO `spesimen` (`nama_spesimen`, `harga_spesimen_umum`, `harga_spesimen_mahasiswa`, `satuan`, `status_spesimen`) VALUES (\'dadadqas\', \'1000000000\', \'100000000000\', \'adadads\', \'Aktif\')', 0)
 2 SYSTEMPATH\Database\BaseConnection.php(734): CodeIgniter\Database\MySQLi\Connection->execute('INSERT INTO `spesimen` (`nama_spesimen`, `harga_spesimen_umum`, `harga_spesimen_mahasiswa`, `satuan`, `status_spesimen`) VALUES (\'dadadqas\', \'1000000000\', \'100000000000\', \'adadads\', \'Aktif\')')
 3 SYSTEMPATH\Database\BaseConnection.php(648): CodeIgniter\Database\BaseConnection->simpleQuery('INSERT INTO `spesimen` (`nama_spesimen`, `harga_spesimen_umum`, `harga_spesimen_mahasiswa`, `satuan`, `status_spesimen`) VALUES (\'dadadqas\', \'1000000000\', \'100000000000\', \'adadads\', \'Aktif\')')
 4 SYSTEMPATH\Database\BaseBuilder.php(2340): CodeIgniter\Database\BaseConnection->query('INSERT INTO `spesimen` (`nama_spesimen`, `harga_spesimen_umum`, `harga_spesimen_mahasiswa`, `satuan`, `status_spesimen`) VALUES (:nama_spesimen:, :harga_spesimen_umum:, :harga_spesimen_mahasiswa:, :satuan:, :status_spesimen:)', [...], false)
 5 SYSTEMPATH\Model.php(394): CodeIgniter\Database\BaseBuilder->insert()
 6 SYSTEMPATH\BaseModel.php(840): CodeIgniter\Model->doInsert([...])
 7 SYSTEMPATH\Model.php(802): CodeIgniter\BaseModel->insert([...], true)
 8 APPPATH\Controllers\JenisUjiController.php(37): CodeIgniter\Model->insert([...])
 9 SYSTEMPATH\CodeIgniter.php(933): App\Controllers\JenisUjiController->store()
10 SYSTEMPATH\CodeIgniter.php(509): CodeIgniter\CodeIgniter->runController(Object(App\Controllers\JenisUjiController))
11 SYSTEMPATH\CodeIgniter.php(355): CodeIgniter\CodeIgniter->handleRequest(null, Object(Config\Cache), false)
12 SYSTEMPATH\Boot.php(325): CodeIgniter\CodeIgniter->run()
13 SYSTEMPATH\Boot.php(67): CodeIgniter\Boot::runCodeIgniter(Object(CodeIgniter\CodeIgniter))
14 FCPATH\index.php(56): CodeIgniter\Boot::bootWeb(Object(Config\Paths))
INFO - 2024-12-08 03:15:19 --> Session: Class initialized using 'CodeIgniter\Session\Handlers\FileHandler' driver.
INFO - 2024-12-08 03:15:19 --> Session: Class initialized using 'CodeIgniter\Session\Handlers\FileHandler' driver.
INFO - 2024-12-08 03:15:27 --> Session: Class initialized using 'CodeIgniter\Session\Handlers\FileHandler' driver.
ERROR - 2024-12-08 03:15:27 --> mysqli_sql_exception: Cannot add or update a child row: a foreign key constraint fails (`uas_pbd`.`spesimen`, CONSTRAINT `spesimen_ibfk_1` FOREIGN KEY (`id_spesimen`) REFERENCES `transaksi_spesimen_temp` (`id_spesimennya`)) in C:\xampp\htdocs\pbd2\system\Database\MySQLi\Connection.php:312
Stack trace:
#0 C:\xampp\htdocs\pbd2\system\Database\MySQLi\Connection.php(312): mysqli->query('INSERT INTO `sp...', 0)
#1 C:\xampp\htdocs\pbd2\system\Database\BaseConnection.php(734): CodeIgniter\Database\MySQLi\Connection->execute('INSERT INTO `sp...')
#2 C:\xampp\htdocs\pbd2\system\Database\BaseConnection.php(648): CodeIgniter\Database\BaseConnection->simpleQuery('INSERT INTO `sp...')
#3 C:\xampp\htdocs\pbd2\system\Database\BaseBuilder.php(2340): CodeIgniter\Database\BaseConnection->query('INSERT INTO `sp...', Array, false)
#4 C:\xampp\htdocs\pbd2\system\Model.php(394): CodeIgniter\Database\BaseBuilder->insert()
#5 C:\xampp\htdocs\pbd2\system\BaseModel.php(840): CodeIgniter\Model->doInsert(Array)
#6 C:\xampp\htdocs\pbd2\system\Model.php(802): CodeIgniter\BaseModel->insert(Array, true)
#7 C:\xampp\htdocs\pbd2\app\Controllers\JenisUjiController.php(44): CodeIgniter\Model->insert(Array)
#8 C:\xampp\htdocs\pbd2\system\CodeIgniter.php(933): App\Controllers\JenisUjiController->store()
#9 C:\xampp\htdocs\pbd2\system\CodeIgniter.php(509): CodeIgniter\CodeIgniter->runController(Object(App\Controllers\JenisUjiController))
#10 C:\xampp\htdocs\pbd2\system\CodeIgniter.php(355): CodeIgniter\CodeIgniter->handleRequest(NULL, Object(Config\Cache), false)
#11 C:\xampp\htdocs\pbd2\system\Boot.php(325): CodeIgniter\CodeIgniter->run()
#12 C:\xampp\htdocs\pbd2\system\Boot.php(67): CodeIgniter\Boot::runCodeIgniter(Object(CodeIgniter\CodeIgniter))
#13 C:\xampp\htdocs\pbd2\index.php(56): CodeIgniter\Boot::bootWeb(Object(Config\Paths))
#14 {main}
CRITICAL - 2024-12-08 03:15:27 --> CodeIgniter\Database\Exceptions\DatabaseException: Cannot add or update a child row: a foreign key constraint fails (`uas_pbd`.`spesimen`, CONSTRAINT `spesimen_ibfk_1` FOREIGN KEY (`id_spesimen`) REFERENCES `transaksi_spesimen_temp` (`id_spesimennya`))
[Method: POST, Route: JenisUjiController/store]
in SYSTEMPATH\Database\BaseConnection.php on line 688.
 1 SYSTEMPATH\Database\BaseBuilder.php(2340): CodeIgniter\Database\BaseConnection->query('INSERT INTO `spesimen` (`nama_spesimen`, `harga_spesimen_umum`, `harga_spesimen_mahasiswa`, `satuan`, `status_spesimen`) VALUES (:nama_spesimen:, :harga_spesimen_umum:, :harga_spesimen_mahasiswa:, :satuan:, :status_spesimen:)', [...], false)
 2 SYSTEMPATH\Model.php(394): CodeIgniter\Database\BaseBuilder->insert()
 3 SYSTEMPATH\BaseModel.php(840): CodeIgniter\Model->doInsert([...])
 4 SYSTEMPATH\Model.php(802): CodeIgniter\BaseModel->insert([...], true)
 5 APPPATH\Controllers\JenisUjiController.php(44): CodeIgniter\Model->insert([...])
 6 SYSTEMPATH\CodeIgniter.php(933): App\Controllers\JenisUjiController->store()
 7 SYSTEMPATH\CodeIgniter.php(509): CodeIgniter\CodeIgniter->runController(Object(App\Controllers\JenisUjiController))
 8 SYSTEMPATH\CodeIgniter.php(355): CodeIgniter\CodeIgniter->handleRequest(null, Object(Config\Cache), false)
 9 SYSTEMPATH\Boot.php(325): CodeIgniter\CodeIgniter->run()
10 SYSTEMPATH\Boot.php(67): CodeIgniter\Boot::runCodeIgniter(Object(CodeIgniter\CodeIgniter))
11 FCPATH\index.php(56): CodeIgniter\Boot::bootWeb(Object(Config\Paths))
CRITICAL - 2024-12-08 03:15:27 --> [Caused by] CodeIgniter\Database\Exceptions\DatabaseException: Cannot add or update a child row: a foreign key constraint fails (`uas_pbd`.`spesimen`, CONSTRAINT `spesimen_ibfk_1` FOREIGN KEY (`id_spesimen`) REFERENCES `transaksi_spesimen_temp` (`id_spesimennya`))
in SYSTEMPATH\Database\MySQLi\Connection.php on line 317.
 1 SYSTEMPATH\Database\BaseConnection.php(734): CodeIgniter\Database\MySQLi\Connection->execute('INSERT INTO `spesimen` (`nama_spesimen`, `harga_spesimen_umum`, `harga_spesimen_mahasiswa`, `satuan`, `status_spesimen`) VALUES (\'dadadqas\', \'1000000000\', \'100000000000\', \'adadads\', \'Aktif\')')
 2 SYSTEMPATH\Database\BaseConnection.php(648): CodeIgniter\Database\BaseConnection->simpleQuery('INSERT INTO `spesimen` (`nama_spesimen`, `harga_spesimen_umum`, `harga_spesimen_mahasiswa`, `satuan`, `status_spesimen`) VALUES (\'dadadqas\', \'1000000000\', \'100000000000\', \'adadads\', \'Aktif\')')
 3 SYSTEMPATH\Database\BaseBuilder.php(2340): CodeIgniter\Database\BaseConnection->query('INSERT INTO `spesimen` (`nama_spesimen`, `harga_spesimen_umum`, `harga_spesimen_mahasiswa`, `satuan`, `status_spesimen`) VALUES (:nama_spesimen:, :harga_spesimen_umum:, :harga_spesimen_mahasiswa:, :satuan:, :status_spesimen:)', [...], false)
 4 SYSTEMPATH\Model.php(394): CodeIgniter\Database\BaseBuilder->insert()
 5 SYSTEMPATH\BaseModel.php(840): CodeIgniter\Model->doInsert([...])
 6 SYSTEMPATH\Model.php(802): CodeIgniter\BaseModel->insert([...], true)
 7 APPPATH\Controllers\JenisUjiController.php(44): CodeIgniter\Model->insert([...])
 8 SYSTEMPATH\CodeIgniter.php(933): App\Controllers\JenisUjiController->store()
 9 SYSTEMPATH\CodeIgniter.php(509): CodeIgniter\CodeIgniter->runController(Object(App\Controllers\JenisUjiController))
10 SYSTEMPATH\CodeIgniter.php(355): CodeIgniter\CodeIgniter->handleRequest(null, Object(Config\Cache), false)
11 SYSTEMPATH\Boot.php(325): CodeIgniter\CodeIgniter->run()
12 SYSTEMPATH\Boot.php(67): CodeIgniter\Boot::runCodeIgniter(Object(CodeIgniter\CodeIgniter))
13 FCPATH\index.php(56): CodeIgniter\Boot::bootWeb(Object(Config\Paths))
CRITICAL - 2024-12-08 03:15:27 --> [Caused by] mysqli_sql_exception: Cannot add or update a child row: a foreign key constraint fails (`uas_pbd`.`spesimen`, CONSTRAINT `spesimen_ibfk_1` FOREIGN KEY (`id_spesimen`) REFERENCES `transaksi_spesimen_temp` (`id_spesimennya`))
in SYSTEMPATH\Database\MySQLi\Connection.php on line 312.
 1 SYSTEMPATH\Database\MySQLi\Connection.php(312): mysqli->query('INSERT INTO `spesimen` (`nama_spesimen`, `harga_spesimen_umum`, `harga_spesimen_mahasiswa`, `satuan`, `status_spesimen`) VALUES (\'dadadqas\', \'1000000000\', \'100000000000\', \'adadads\', \'Aktif\')', 0)
 2 SYSTEMPATH\Database\BaseConnection.php(734): CodeIgniter\Database\MySQLi\Connection->execute('INSERT INTO `spesimen` (`nama_spesimen`, `harga_spesimen_umum`, `harga_spesimen_mahasiswa`, `satuan`, `status_spesimen`) VALUES (\'dadadqas\', \'1000000000\', \'100000000000\', \'adadads\', \'Aktif\')')
 3 SYSTEMPATH\Database\BaseConnection.php(648): CodeIgniter\Database\BaseConnection->simpleQuery('INSERT INTO `spesimen` (`nama_spesimen`, `harga_spesimen_umum`, `harga_spesimen_mahasiswa`, `satuan`, `status_spesimen`) VALUES (\'dadadqas\', \'1000000000\', \'100000000000\', \'adadads\', \'Aktif\')')
 4 SYSTEMPATH\Database\BaseBuilder.php(2340): CodeIgniter\Database\BaseConnection->query('INSERT INTO `spesimen` (`nama_spesimen`, `harga_spesimen_umum`, `harga_spesimen_mahasiswa`, `satuan`, `status_spesimen`) VALUES (:nama_spesimen:, :harga_spesimen_umum:, :harga_spesimen_mahasiswa:, :satuan:, :status_spesimen:)', [...], false)
 5 SYSTEMPATH\Model.php(394): CodeIgniter\Database\BaseBuilder->insert()
 6 SYSTEMPATH\BaseModel.php(840): CodeIgniter\Model->doInsert([...])
 7 SYSTEMPATH\Model.php(802): CodeIgniter\BaseModel->insert([...], true)
 8 APPPATH\Controllers\JenisUjiController.php(44): CodeIgniter\Model->insert([...])
 9 SYSTEMPATH\CodeIgniter.php(933): App\Controllers\JenisUjiController->store()
10 SYSTEMPATH\CodeIgniter.php(509): CodeIgniter\CodeIgniter->runController(Object(App\Controllers\JenisUjiController))
11 SYSTEMPATH\CodeIgniter.php(355): CodeIgniter\CodeIgniter->handleRequest(null, Object(Config\Cache), false)
12 SYSTEMPATH\Boot.php(325): CodeIgniter\CodeIgniter->run()
13 SYSTEMPATH\Boot.php(67): CodeIgniter\Boot::runCodeIgniter(Object(CodeIgniter\CodeIgniter))
14 FCPATH\index.php(56): CodeIgniter\Boot::bootWeb(Object(Config\Paths))
INFO - 2024-12-08 03:15:42 --> Session: Class initialized using 'CodeIgniter\Session\Handlers\FileHandler' driver.
INFO - 2024-12-08 03:15:43 --> Session: Class initialized using 'CodeIgniter\Session\Handlers\FileHandler' driver.
INFO - 2024-12-08 03:15:49 --> Session: Class initialized using 'CodeIgniter\Session\Handlers\FileHandler' driver.
ERROR - 2024-12-08 03:15:49 --> mysqli_sql_exception: Cannot add or update a child row: a foreign key constraint fails (`uas_pbd`.`spesimen`, CONSTRAINT `spesimen_ibfk_1` FOREIGN KEY (`id_spesimen`) REFERENCES `transaksi_spesimen_temp` (`id_spesimennya`)) in C:\xampp\htdocs\pbd2\system\Database\MySQLi\Connection.php:312
Stack trace:
#0 C:\xampp\htdocs\pbd2\system\Database\MySQLi\Connection.php(312): mysqli->query('INSERT INTO `sp...', 0)
#1 C:\xampp\htdocs\pbd2\system\Database\BaseConnection.php(734): CodeIgniter\Database\MySQLi\Connection->execute('INSERT INTO `sp...')
#2 C:\xampp\htdocs\pbd2\system\Database\BaseConnection.php(648): CodeIgniter\Database\BaseConnection->simpleQuery('INSERT INTO `sp...')
#3 C:\xampp\htdocs\pbd2\system\Database\BaseBuilder.php(2340): CodeIgniter\Database\BaseConnection->query('INSERT INTO `sp...', Array, false)
#4 C:\xampp\htdocs\pbd2\system\Model.php(394): CodeIgniter\Database\BaseBuilder->insert()
#5 C:\xampp\htdocs\pbd2\system\BaseModel.php(840): CodeIgniter\Model->doInsert(Array)
#6 C:\xampp\htdocs\pbd2\system\Model.php(802): CodeIgniter\BaseModel->insert(Array, true)
#7 C:\xampp\htdocs\pbd2\app\Controllers\JenisUjiController.php(44): CodeIgniter\Model->insert(Array)
#8 C:\xampp\htdocs\pbd2\system\CodeIgniter.php(933): App\Controllers\JenisUjiController->store()
#9 C:\xampp\htdocs\pbd2\system\CodeIgniter.php(509): CodeIgniter\CodeIgniter->runController(Object(App\Controllers\JenisUjiController))
#10 C:\xampp\htdocs\pbd2\system\CodeIgniter.php(355): CodeIgniter\CodeIgniter->handleRequest(NULL, Object(Config\Cache), false)
#11 C:\xampp\htdocs\pbd2\system\Boot.php(325): CodeIgniter\CodeIgniter->run()
#12 C:\xampp\htdocs\pbd2\system\Boot.php(67): CodeIgniter\Boot::runCodeIgniter(Object(CodeIgniter\CodeIgniter))
#13 C:\xampp\htdocs\pbd2\index.php(56): CodeIgniter\Boot::bootWeb(Object(Config\Paths))
#14 {main}
CRITICAL - 2024-12-08 03:15:49 --> CodeIgniter\Database\Exceptions\DatabaseException: Cannot add or update a child row: a foreign key constraint fails (`uas_pbd`.`spesimen`, CONSTRAINT `spesimen_ibfk_1` FOREIGN KEY (`id_spesimen`) REFERENCES `transaksi_spesimen_temp` (`id_spesimennya`))
[Method: POST, Route: JenisUjiController/store]
in SYSTEMPATH\Database\BaseConnection.php on line 688.
 1 SYSTEMPATH\Database\BaseBuilder.php(2340): CodeIgniter\Database\BaseConnection->query('INSERT INTO `spesimen` (`nama_spesimen`, `harga_spesimen_umum`, `harga_spesimen_mahasiswa`, `satuan`, `status_spesimen`) VALUES (:nama_spesimen:, :harga_spesimen_umum:, :harga_spesimen_mahasiswa:, :satuan:, :status_spesimen:)', [...], false)
 2 SYSTEMPATH\Model.php(394): CodeIgniter\Database\BaseBuilder->insert()
 3 SYSTEMPATH\BaseModel.php(840): CodeIgniter\Model->doInsert([...])
 4 SYSTEMPATH\Model.php(802): CodeIgniter\BaseModel->insert([...], true)
 5 APPPATH\Controllers\JenisUjiController.php(44): CodeIgniter\Model->insert([...])
 6 SYSTEMPATH\CodeIgniter.php(933): App\Controllers\JenisUjiController->store()
 7 SYSTEMPATH\CodeIgniter.php(509): CodeIgniter\CodeIgniter->runController(Object(App\Controllers\JenisUjiController))
 8 SYSTEMPATH\CodeIgniter.php(355): CodeIgniter\CodeIgniter->handleRequest(null, Object(Config\Cache), false)
 9 SYSTEMPATH\Boot.php(325): CodeIgniter\CodeIgniter->run()
10 SYSTEMPATH\Boot.php(67): CodeIgniter\Boot::runCodeIgniter(Object(CodeIgniter\CodeIgniter))
11 FCPATH\index.php(56): CodeIgniter\Boot::bootWeb(Object(Config\Paths))
CRITICAL - 2024-12-08 03:15:49 --> [Caused by] CodeIgniter\Database\Exceptions\DatabaseException: Cannot add or update a child row: a foreign key constraint fails (`uas_pbd`.`spesimen`, CONSTRAINT `spesimen_ibfk_1` FOREIGN KEY (`id_spesimen`) REFERENCES `transaksi_spesimen_temp` (`id_spesimennya`))
in SYSTEMPATH\Database\MySQLi\Connection.php on line 317.
 1 SYSTEMPATH\Database\BaseConnection.php(734): CodeIgniter\Database\MySQLi\Connection->execute('INSERT INTO `spesimen` (`nama_spesimen`, `harga_spesimen_umum`, `harga_spesimen_mahasiswa`, `satuan`, `status_spesimen`) VALUES (\'dadadqas\', \'1000000000\', \'100000000000\', \'adadads\', \'Aktif\')')
 2 SYSTEMPATH\Database\BaseConnection.php(648): CodeIgniter\Database\BaseConnection->simpleQuery('INSERT INTO `spesimen` (`nama_spesimen`, `harga_spesimen_umum`, `harga_spesimen_mahasiswa`, `satuan`, `status_spesimen`) VALUES (\'dadadqas\', \'1000000000\', \'100000000000\', \'adadads\', \'Aktif\')')
 3 SYSTEMPATH\Database\BaseBuilder.php(2340): CodeIgniter\Database\BaseConnection->query('INSERT INTO `spesimen` (`nama_spesimen`, `harga_spesimen_umum`, `harga_spesimen_mahasiswa`, `satuan`, `status_spesimen`) VALUES (:nama_spesimen:, :harga_spesimen_umum:, :harga_spesimen_mahasiswa:, :satuan:, :status_spesimen:)', [...], false)
 4 SYSTEMPATH\Model.php(394): CodeIgniter\Database\BaseBuilder->insert()
 5 SYSTEMPATH\BaseModel.php(840): CodeIgniter\Model->doInsert([...])
 6 SYSTEMPATH\Model.php(802): CodeIgniter\BaseModel->insert([...], true)
 7 APPPATH\Controllers\JenisUjiController.php(44): CodeIgniter\Model->insert([...])
 8 SYSTEMPATH\CodeIgniter.php(933): App\Controllers\JenisUjiController->store()
 9 SYSTEMPATH\CodeIgniter.php(509): CodeIgniter\CodeIgniter->runController(Object(App\Controllers\JenisUjiController))
10 SYSTEMPATH\CodeIgniter.php(355): CodeIgniter\CodeIgniter->handleRequest(null, Object(Config\Cache), false)
11 SYSTEMPATH\Boot.php(325): CodeIgniter\CodeIgniter->run()
12 SYSTEMPATH\Boot.php(67): CodeIgniter\Boot::runCodeIgniter(Object(CodeIgniter\CodeIgniter))
13 FCPATH\index.php(56): CodeIgniter\Boot::bootWeb(Object(Config\Paths))
CRITICAL - 2024-12-08 03:15:49 --> [Caused by] mysqli_sql_exception: Cannot add or update a child row: a foreign key constraint fails (`uas_pbd`.`spesimen`, CONSTRAINT `spesimen_ibfk_1` FOREIGN KEY (`id_spesimen`) REFERENCES `transaksi_spesimen_temp` (`id_spesimennya`))
in SYSTEMPATH\Database\MySQLi\Connection.php on line 312.
 1 SYSTEMPATH\Database\MySQLi\Connection.php(312): mysqli->query('INSERT INTO `spesimen` (`nama_spesimen`, `harga_spesimen_umum`, `harga_spesimen_mahasiswa`, `satuan`, `status_spesimen`) VALUES (\'dadadqas\', \'1000000000\', \'100000000000\', \'adadads\', \'Aktif\')', 0)
 2 SYSTEMPATH\Database\BaseConnection.php(734): CodeIgniter\Database\MySQLi\Connection->execute('INSERT INTO `spesimen` (`nama_spesimen`, `harga_spesimen_umum`, `harga_spesimen_mahasiswa`, `satuan`, `status_spesimen`) VALUES (\'dadadqas\', \'1000000000\', \'100000000000\', \'adadads\', \'Aktif\')')
 3 SYSTEMPATH\Database\BaseConnection.php(648): CodeIgniter\Database\BaseConnection->simpleQuery('INSERT INTO `spesimen` (`nama_spesimen`, `harga_spesimen_umum`, `harga_spesimen_mahasiswa`, `satuan`, `status_spesimen`) VALUES (\'dadadqas\', \'1000000000\', \'100000000000\', \'adadads\', \'Aktif\')')
 4 SYSTEMPATH\Database\BaseBuilder.php(2340): CodeIgniter\Database\BaseConnection->query('INSERT INTO `spesimen` (`nama_spesimen`, `harga_spesimen_umum`, `harga_spesimen_mahasiswa`, `satuan`, `status_spesimen`) VALUES (:nama_spesimen:, :harga_spesimen_umum:, :harga_spesimen_mahasiswa:, :satuan:, :status_spesimen:)', [...], false)
 5 SYSTEMPATH\Model.php(394): CodeIgniter\Database\BaseBuilder->insert()
 6 SYSTEMPATH\BaseModel.php(840): CodeIgniter\Model->doInsert([...])
 7 SYSTEMPATH\Model.php(802): CodeIgniter\BaseModel->insert([...], true)
 8 APPPATH\Controllers\JenisUjiController.php(44): CodeIgniter\Model->insert([...])
 9 SYSTEMPATH\CodeIgniter.php(933): App\Controllers\JenisUjiController->store()
10 SYSTEMPATH\CodeIgniter.php(509): CodeIgniter\CodeIgniter->runController(Object(App\Controllers\JenisUjiController))
11 SYSTEMPATH\CodeIgniter.php(355): CodeIgniter\CodeIgniter->handleRequest(null, Object(Config\Cache), false)
12 SYSTEMPATH\Boot.php(325): CodeIgniter\CodeIgniter->run()
13 SYSTEMPATH\Boot.php(67): CodeIgniter\Boot::runCodeIgniter(Object(CodeIgniter\CodeIgniter))
14 FCPATH\index.php(56): CodeIgniter\Boot::bootWeb(Object(Config\Paths))
INFO - 2024-12-08 03:15:56 --> Session: Class initialized using 'CodeIgniter\Session\Handlers\FileHandler' driver.
ERROR - 2024-12-08 03:15:56 --> mysqli_sql_exception: Cannot add or update a child row: a foreign key constraint fails (`uas_pbd`.`spesimen`, CONSTRAINT `spesimen_ibfk_1` FOREIGN KEY (`id_spesimen`) REFERENCES `transaksi_spesimen_temp` (`id_spesimennya`)) in C:\xampp\htdocs\pbd2\system\Database\MySQLi\Connection.php:312
Stack trace:
#0 C:\xampp\htdocs\pbd2\system\Database\MySQLi\Connection.php(312): mysqli->query('INSERT INTO `sp...', 0)
#1 C:\xampp\htdocs\pbd2\system\Database\BaseConnection.php(734): CodeIgniter\Database\MySQLi\Connection->execute('INSERT INTO `sp...')
#2 C:\xampp\htdocs\pbd2\system\Database\BaseConnection.php(648): CodeIgniter\Database\BaseConnection->simpleQuery('INSERT INTO `sp...')
#3 C:\xampp\htdocs\pbd2\system\Database\BaseBuilder.php(2340): CodeIgniter\Database\BaseConnection->query('INSERT INTO `sp...', Array, false)
#4 C:\xampp\htdocs\pbd2\system\Model.php(394): CodeIgniter\Database\BaseBuilder->insert()
#5 C:\xampp\htdocs\pbd2\system\BaseModel.php(840): CodeIgniter\Model->doInsert(Array)
#6 C:\xampp\htdocs\pbd2\system\Model.php(802): CodeIgniter\BaseModel->insert(Array, true)
#7 C:\xampp\htdocs\pbd2\app\Controllers\JenisUjiController.php(44): CodeIgniter\Model->insert(Array)
#8 C:\xampp\htdocs\pbd2\system\CodeIgniter.php(933): App\Controllers\JenisUjiController->store()
#9 C:\xampp\htdocs\pbd2\system\CodeIgniter.php(509): CodeIgniter\CodeIgniter->runController(Object(App\Controllers\JenisUjiController))
#10 C:\xampp\htdocs\pbd2\system\CodeIgniter.php(355): CodeIgniter\CodeIgniter->handleRequest(NULL, Object(Config\Cache), false)
#11 C:\xampp\htdocs\pbd2\system\Boot.php(325): CodeIgniter\CodeIgniter->run()
#12 C:\xampp\htdocs\pbd2\system\Boot.php(67): CodeIgniter\Boot::runCodeIgniter(Object(CodeIgniter\CodeIgniter))
#13 C:\xampp\htdocs\pbd2\index.php(56): CodeIgniter\Boot::bootWeb(Object(Config\Paths))
#14 {main}
CRITICAL - 2024-12-08 03:15:56 --> CodeIgniter\Database\Exceptions\DatabaseException: Cannot add or update a child row: a foreign key constraint fails (`uas_pbd`.`spesimen`, CONSTRAINT `spesimen_ibfk_1` FOREIGN KEY (`id_spesimen`) REFERENCES `transaksi_spesimen_temp` (`id_spesimennya`))
[Method: POST, Route: JenisUjiController/store]
in SYSTEMPATH\Database\BaseConnection.php on line 688.
 1 SYSTEMPATH\Database\BaseBuilder.php(2340): CodeIgniter\Database\BaseConnection->query('INSERT INTO `spesimen` (`nama_spesimen`, `harga_spesimen_umum`, `harga_spesimen_mahasiswa`, `satuan`, `status_spesimen`) VALUES (:nama_spesimen:, :harga_spesimen_umum:, :harga_spesimen_mahasiswa:, :satuan:, :status_spesimen:)', [...], false)
 2 SYSTEMPATH\Model.php(394): CodeIgniter\Database\BaseBuilder->insert()
 3 SYSTEMPATH\BaseModel.php(840): CodeIgniter\Model->doInsert([...])
 4 SYSTEMPATH\Model.php(802): CodeIgniter\BaseModel->insert([...], true)
 5 APPPATH\Controllers\JenisUjiController.php(44): CodeIgniter\Model->insert([...])
 6 SYSTEMPATH\CodeIgniter.php(933): App\Controllers\JenisUjiController->store()
 7 SYSTEMPATH\CodeIgniter.php(509): CodeIgniter\CodeIgniter->runController(Object(App\Controllers\JenisUjiController))
 8 SYSTEMPATH\CodeIgniter.php(355): CodeIgniter\CodeIgniter->handleRequest(null, Object(Config\Cache), false)
 9 SYSTEMPATH\Boot.php(325): CodeIgniter\CodeIgniter->run()
10 SYSTEMPATH\Boot.php(67): CodeIgniter\Boot::runCodeIgniter(Object(CodeIgniter\CodeIgniter))
11 FCPATH\index.php(56): CodeIgniter\Boot::bootWeb(Object(Config\Paths))
CRITICAL - 2024-12-08 03:15:56 --> [Caused by] CodeIgniter\Database\Exceptions\DatabaseException: Cannot add or update a child row: a foreign key constraint fails (`uas_pbd`.`spesimen`, CONSTRAINT `spesimen_ibfk_1` FOREIGN KEY (`id_spesimen`) REFERENCES `transaksi_spesimen_temp` (`id_spesimennya`))
in SYSTEMPATH\Database\MySQLi\Connection.php on line 317.
 1 SYSTEMPATH\Database\BaseConnection.php(734): CodeIgniter\Database\MySQLi\Connection->execute('INSERT INTO `spesimen` (`nama_spesimen`, `harga_spesimen_umum`, `harga_spesimen_mahasiswa`, `satuan`, `status_spesimen`) VALUES (\'dadadqas\', \'1000000000\', \'100000000000\', \'adadads\', \'Aktif\')')
 2 SYSTEMPATH\Database\BaseConnection.php(648): CodeIgniter\Database\BaseConnection->simpleQuery('INSERT INTO `spesimen` (`nama_spesimen`, `harga_spesimen_umum`, `harga_spesimen_mahasiswa`, `satuan`, `status_spesimen`) VALUES (\'dadadqas\', \'1000000000\', \'100000000000\', \'adadads\', \'Aktif\')')
 3 SYSTEMPATH\Database\BaseBuilder.php(2340): CodeIgniter\Database\BaseConnection->query('INSERT INTO `spesimen` (`nama_spesimen`, `harga_spesimen_umum`, `harga_spesimen_mahasiswa`, `satuan`, `status_spesimen`) VALUES (:nama_spesimen:, :harga_spesimen_umum:, :harga_spesimen_mahasiswa:, :satuan:, :status_spesimen:)', [...], false)
 4 SYSTEMPATH\Model.php(394): CodeIgniter\Database\BaseBuilder->insert()
 5 SYSTEMPATH\BaseModel.php(840): CodeIgniter\Model->doInsert([...])
 6 SYSTEMPATH\Model.php(802): CodeIgniter\BaseModel->insert([...], true)
 7 APPPATH\Controllers\JenisUjiController.php(44): CodeIgniter\Model->insert([...])
 8 SYSTEMPATH\CodeIgniter.php(933): App\Controllers\JenisUjiController->store()
 9 SYSTEMPATH\CodeIgniter.php(509): CodeIgniter\CodeIgniter->runController(Object(App\Controllers\JenisUjiController))
10 SYSTEMPATH\CodeIgniter.php(355): CodeIgniter\CodeIgniter->handleRequest(null, Object(Config\Cache), false)
11 SYSTEMPATH\Boot.php(325): CodeIgniter\CodeIgniter->run()
12 SYSTEMPATH\Boot.php(67): CodeIgniter\Boot::runCodeIgniter(Object(CodeIgniter\CodeIgniter))
13 FCPATH\index.php(56): CodeIgniter\Boot::bootWeb(Object(Config\Paths))
CRITICAL - 2024-12-08 03:15:56 --> [Caused by] mysqli_sql_exception: Cannot add or update a child row: a foreign key constraint fails (`uas_pbd`.`spesimen`, CONSTRAINT `spesimen_ibfk_1` FOREIGN KEY (`id_spesimen`) REFERENCES `transaksi_spesimen_temp` (`id_spesimennya`))
in SYSTEMPATH\Database\MySQLi\Connection.php on line 312.
 1 SYSTEMPATH\Database\MySQLi\Connection.php(312): mysqli->query('INSERT INTO `spesimen` (`nama_spesimen`, `harga_spesimen_umum`, `harga_spesimen_mahasiswa`, `satuan`, `status_spesimen`) VALUES (\'dadadqas\', \'1000000000\', \'100000000000\', \'adadads\', \'Aktif\')', 0)
 2 SYSTEMPATH\Database\BaseConnection.php(734): CodeIgniter\Database\MySQLi\Connection->execute('INSERT INTO `spesimen` (`nama_spesimen`, `harga_spesimen_umum`, `harga_spesimen_mahasiswa`, `satuan`, `status_spesimen`) VALUES (\'dadadqas\', \'1000000000\', \'100000000000\', \'adadads\', \'Aktif\')')
 3 SYSTEMPATH\Database\BaseConnection.php(648): CodeIgniter\Database\BaseConnection->simpleQuery('INSERT INTO `spesimen` (`nama_spesimen`, `harga_spesimen_umum`, `harga_spesimen_mahasiswa`, `satuan`, `status_spesimen`) VALUES (\'dadadqas\', \'1000000000\', \'100000000000\', \'adadads\', \'Aktif\')')
 4 SYSTEMPATH\Database\BaseBuilder.php(2340): CodeIgniter\Database\BaseConnection->query('INSERT INTO `spesimen` (`nama_spesimen`, `harga_spesimen_umum`, `harga_spesimen_mahasiswa`, `satuan`, `status_spesimen`) VALUES (:nama_spesimen:, :harga_spesimen_umum:, :harga_spesimen_mahasiswa:, :satuan:, :status_spesimen:)', [...], false)
 5 SYSTEMPATH\Model.php(394): CodeIgniter\Database\BaseBuilder->insert()
 6 SYSTEMPATH\BaseModel.php(840): CodeIgniter\Model->doInsert([...])
 7 SYSTEMPATH\Model.php(802): CodeIgniter\BaseModel->insert([...], true)
 8 APPPATH\Controllers\JenisUjiController.php(44): CodeIgniter\Model->insert([...])
 9 SYSTEMPATH\CodeIgniter.php(933): App\Controllers\JenisUjiController->store()
10 SYSTEMPATH\CodeIgniter.php(509): CodeIgniter\CodeIgniter->runController(Object(App\Controllers\JenisUjiController))
11 SYSTEMPATH\CodeIgniter.php(355): CodeIgniter\CodeIgniter->handleRequest(null, Object(Config\Cache), false)
12 SYSTEMPATH\Boot.php(325): CodeIgniter\CodeIgniter->run()
13 SYSTEMPATH\Boot.php(67): CodeIgniter\Boot::runCodeIgniter(Object(CodeIgniter\CodeIgniter))
14 FCPATH\index.php(56): CodeIgniter\Boot::bootWeb(Object(Config\Paths))
INFO - 2024-12-08 03:18:33 --> Session: Class initialized using 'CodeIgniter\Session\Handlers\FileHandler' driver.
INFO - 2024-12-08 03:18:33 --> Session: Class initialized using 'CodeIgniter\Session\Handlers\FileHandler' driver.
INFO - 2024-12-08 03:18:39 --> Session: Class initialized using 'CodeIgniter\Session\Handlers\FileHandler' driver.
ERROR - 2024-12-08 03:18:39 --> mysqli_sql_exception: Cannot add or update a child row: a foreign key constraint fails (`uas_pbd`.`spesimen`, CONSTRAINT `spesimen_ibfk_1` FOREIGN KEY (`id_spesimen`) REFERENCES `transaksi_spesimen_temp` (`id_spesimennya`)) in C:\xampp\htdocs\pbd2\system\Database\MySQLi\Connection.php:312
Stack trace:
#0 C:\xampp\htdocs\pbd2\system\Database\MySQLi\Connection.php(312): mysqli->query('INSERT INTO `sp...', 0)
#1 C:\xampp\htdocs\pbd2\system\Database\BaseConnection.php(734): CodeIgniter\Database\MySQLi\Connection->execute('INSERT INTO `sp...')
#2 C:\xampp\htdocs\pbd2\system\Database\BaseConnection.php(648): CodeIgniter\Database\BaseConnection->simpleQuery('INSERT INTO `sp...')
#3 C:\xampp\htdocs\pbd2\system\Database\BaseBuilder.php(2340): CodeIgniter\Database\BaseConnection->query('INSERT INTO `sp...', Array, false)
#4 C:\xampp\htdocs\pbd2\system\Model.php(394): CodeIgniter\Database\BaseBuilder->insert()
#5 C:\xampp\htdocs\pbd2\system\BaseModel.php(840): CodeIgniter\Model->doInsert(Array)
#6 C:\xampp\htdocs\pbd2\system\Model.php(802): CodeIgniter\BaseModel->insert(Array, true)
#7 C:\xampp\htdocs\pbd2\app\Controllers\JenisUjiController.php(37): CodeIgniter\Model->insert(Array)
#8 C:\xampp\htdocs\pbd2\system\CodeIgniter.php(933): App\Controllers\JenisUjiController->store()
#9 C:\xampp\htdocs\pbd2\system\CodeIgniter.php(509): CodeIgniter\CodeIgniter->runController(Object(App\Controllers\JenisUjiController))
#10 C:\xampp\htdocs\pbd2\system\CodeIgniter.php(355): CodeIgniter\CodeIgniter->handleRequest(NULL, Object(Config\Cache), false)
#11 C:\xampp\htdocs\pbd2\system\Boot.php(325): CodeIgniter\CodeIgniter->run()
#12 C:\xampp\htdocs\pbd2\system\Boot.php(67): CodeIgniter\Boot::runCodeIgniter(Object(CodeIgniter\CodeIgniter))
#13 C:\xampp\htdocs\pbd2\index.php(56): CodeIgniter\Boot::bootWeb(Object(Config\Paths))
#14 {main}
CRITICAL - 2024-12-08 03:18:39 --> CodeIgniter\Database\Exceptions\DatabaseException: Cannot add or update a child row: a foreign key constraint fails (`uas_pbd`.`spesimen`, CONSTRAINT `spesimen_ibfk_1` FOREIGN KEY (`id_spesimen`) REFERENCES `transaksi_spesimen_temp` (`id_spesimennya`))
[Method: POST, Route: JenisUjiController/store]
in SYSTEMPATH\Database\BaseConnection.php on line 688.
 1 SYSTEMPATH\Database\BaseBuilder.php(2340): CodeIgniter\Database\BaseConnection->query('INSERT INTO `spesimen` (`nama_spesimen`, `harga_spesimen_umum`, `harga_spesimen_mahasiswa`, `satuan`, `status_spesimen`) VALUES (:nama_spesimen:, :harga_spesimen_umum:, :harga_spesimen_mahasiswa:, :satuan:, :status_spesimen:)', [...], false)
 2 SYSTEMPATH\Model.php(394): CodeIgniter\Database\BaseBuilder->insert()
 3 SYSTEMPATH\BaseModel.php(840): CodeIgniter\Model->doInsert([...])
 4 SYSTEMPATH\Model.php(802): CodeIgniter\BaseModel->insert([...], true)
 5 APPPATH\Controllers\JenisUjiController.php(37): CodeIgniter\Model->insert([...])
 6 SYSTEMPATH\CodeIgniter.php(933): App\Controllers\JenisUjiController->store()
 7 SYSTEMPATH\CodeIgniter.php(509): CodeIgniter\CodeIgniter->runController(Object(App\Controllers\JenisUjiController))
 8 SYSTEMPATH\CodeIgniter.php(355): CodeIgniter\CodeIgniter->handleRequest(null, Object(Config\Cache), false)
 9 SYSTEMPATH\Boot.php(325): CodeIgniter\CodeIgniter->run()
10 SYSTEMPATH\Boot.php(67): CodeIgniter\Boot::runCodeIgniter(Object(CodeIgniter\CodeIgniter))
11 FCPATH\index.php(56): CodeIgniter\Boot::bootWeb(Object(Config\Paths))
CRITICAL - 2024-12-08 03:18:39 --> [Caused by] CodeIgniter\Database\Exceptions\DatabaseException: Cannot add or update a child row: a foreign key constraint fails (`uas_pbd`.`spesimen`, CONSTRAINT `spesimen_ibfk_1` FOREIGN KEY (`id_spesimen`) REFERENCES `transaksi_spesimen_temp` (`id_spesimennya`))
in SYSTEMPATH\Database\MySQLi\Connection.php on line 317.
 1 SYSTEMPATH\Database\BaseConnection.php(734): CodeIgniter\Database\MySQLi\Connection->execute('INSERT INTO `spesimen` (`nama_spesimen`, `harga_spesimen_umum`, `harga_spesimen_mahasiswa`, `satuan`, `status_spesimen`) VALUES (\'dadadqas\', \'1000000000\', \'100000000000\', \'adadads\', \'Aktif\')')
 2 SYSTEMPATH\Database\BaseConnection.php(648): CodeIgniter\Database\BaseConnection->simpleQuery('INSERT INTO `spesimen` (`nama_spesimen`, `harga_spesimen_umum`, `harga_spesimen_mahasiswa`, `satuan`, `status_spesimen`) VALUES (\'dadadqas\', \'1000000000\', \'100000000000\', \'adadads\', \'Aktif\')')
 3 SYSTEMPATH\Database\BaseBuilder.php(2340): CodeIgniter\Database\BaseConnection->query('INSERT INTO `spesimen` (`nama_spesimen`, `harga_spesimen_umum`, `harga_spesimen_mahasiswa`, `satuan`, `status_spesimen`) VALUES (:nama_spesimen:, :harga_spesimen_umum:, :harga_spesimen_mahasiswa:, :satuan:, :status_spesimen:)', [...], false)
 4 SYSTEMPATH\Model.php(394): CodeIgniter\Database\BaseBuilder->insert()
 5 SYSTEMPATH\BaseModel.php(840): CodeIgniter\Model->doInsert([...])
 6 SYSTEMPATH\Model.php(802): CodeIgniter\BaseModel->insert([...], true)
 7 APPPATH\Controllers\JenisUjiController.php(37): CodeIgniter\Model->insert([...])
 8 SYSTEMPATH\CodeIgniter.php(933): App\Controllers\JenisUjiController->store()
 9 SYSTEMPATH\CodeIgniter.php(509): CodeIgniter\CodeIgniter->runController(Object(App\Controllers\JenisUjiController))
10 SYSTEMPATH\CodeIgniter.php(355): CodeIgniter\CodeIgniter->handleRequest(null, Object(Config\Cache), false)
11 SYSTEMPATH\Boot.php(325): CodeIgniter\CodeIgniter->run()
12 SYSTEMPATH\Boot.php(67): CodeIgniter\Boot::runCodeIgniter(Object(CodeIgniter\CodeIgniter))
13 FCPATH\index.php(56): CodeIgniter\Boot::bootWeb(Object(Config\Paths))
CRITICAL - 2024-12-08 03:18:39 --> [Caused by] mysqli_sql_exception: Cannot add or update a child row: a foreign key constraint fails (`uas_pbd`.`spesimen`, CONSTRAINT `spesimen_ibfk_1` FOREIGN KEY (`id_spesimen`) REFERENCES `transaksi_spesimen_temp` (`id_spesimennya`))
in SYSTEMPATH\Database\MySQLi\Connection.php on line 312.
 1 SYSTEMPATH\Database\MySQLi\Connection.php(312): mysqli->query('INSERT INTO `spesimen` (`nama_spesimen`, `harga_spesimen_umum`, `harga_spesimen_mahasiswa`, `satuan`, `status_spesimen`) VALUES (\'dadadqas\', \'1000000000\', \'100000000000\', \'adadads\', \'Aktif\')', 0)
 2 SYSTEMPATH\Database\BaseConnection.php(734): CodeIgniter\Database\MySQLi\Connection->execute('INSERT INTO `spesimen` (`nama_spesimen`, `harga_spesimen_umum`, `harga_spesimen_mahasiswa`, `satuan`, `status_spesimen`) VALUES (\'dadadqas\', \'1000000000\', \'100000000000\', \'adadads\', \'Aktif\')')
 3 SYSTEMPATH\Database\BaseConnection.php(648): CodeIgniter\Database\BaseConnection->simpleQuery('INSERT INTO `spesimen` (`nama_spesimen`, `harga_spesimen_umum`, `harga_spesimen_mahasiswa`, `satuan`, `status_spesimen`) VALUES (\'dadadqas\', \'1000000000\', \'100000000000\', \'adadads\', \'Aktif\')')
 4 SYSTEMPATH\Database\BaseBuilder.php(2340): CodeIgniter\Database\BaseConnection->query('INSERT INTO `spesimen` (`nama_spesimen`, `harga_spesimen_umum`, `harga_spesimen_mahasiswa`, `satuan`, `status_spesimen`) VALUES (:nama_spesimen:, :harga_spesimen_umum:, :harga_spesimen_mahasiswa:, :satuan:, :status_spesimen:)', [...], false)
 5 SYSTEMPATH\Model.php(394): CodeIgniter\Database\BaseBuilder->insert()
 6 SYSTEMPATH\BaseModel.php(840): CodeIgniter\Model->doInsert([...])
 7 SYSTEMPATH\Model.php(802): CodeIgniter\BaseModel->insert([...], true)
 8 APPPATH\Controllers\JenisUjiController.php(37): CodeIgniter\Model->insert([...])
 9 SYSTEMPATH\CodeIgniter.php(933): App\Controllers\JenisUjiController->store()
10 SYSTEMPATH\CodeIgniter.php(509): CodeIgniter\CodeIgniter->runController(Object(App\Controllers\JenisUjiController))
11 SYSTEMPATH\CodeIgniter.php(355): CodeIgniter\CodeIgniter->handleRequest(null, Object(Config\Cache), false)
12 SYSTEMPATH\Boot.php(325): CodeIgniter\CodeIgniter->run()
13 SYSTEMPATH\Boot.php(67): CodeIgniter\Boot::runCodeIgniter(Object(CodeIgniter\CodeIgniter))
14 FCPATH\index.php(56): CodeIgniter\Boot::bootWeb(Object(Config\Paths))
INFO - 2024-12-08 03:18:45 --> Session: Class initialized using 'CodeIgniter\Session\Handlers\FileHandler' driver.
ERROR - 2024-12-08 03:18:45 --> mysqli_sql_exception: Cannot add or update a child row: a foreign key constraint fails (`uas_pbd`.`spesimen`, CONSTRAINT `spesimen_ibfk_1` FOREIGN KEY (`id_spesimen`) REFERENCES `transaksi_spesimen_temp` (`id_spesimennya`)) in C:\xampp\htdocs\pbd2\system\Database\MySQLi\Connection.php:312
Stack trace:
#0 C:\xampp\htdocs\pbd2\system\Database\MySQLi\Connection.php(312): mysqli->query('INSERT INTO `sp...', 0)
#1 C:\xampp\htdocs\pbd2\system\Database\BaseConnection.php(734): CodeIgniter\Database\MySQLi\Connection->execute('INSERT INTO `sp...')
#2 C:\xampp\htdocs\pbd2\system\Database\BaseConnection.php(648): CodeIgniter\Database\BaseConnection->simpleQuery('INSERT INTO `sp...')
#3 C:\xampp\htdocs\pbd2\system\Database\BaseBuilder.php(2340): CodeIgniter\Database\BaseConnection->query('INSERT INTO `sp...', Array, false)
#4 C:\xampp\htdocs\pbd2\system\Model.php(394): CodeIgniter\Database\BaseBuilder->insert()
#5 C:\xampp\htdocs\pbd2\system\BaseModel.php(840): CodeIgniter\Model->doInsert(Array)
#6 C:\xampp\htdocs\pbd2\system\Model.php(802): CodeIgniter\BaseModel->insert(Array, true)
#7 C:\xampp\htdocs\pbd2\app\Controllers\JenisUjiController.php(37): CodeIgniter\Model->insert(Array)
#8 C:\xampp\htdocs\pbd2\system\CodeIgniter.php(933): App\Controllers\JenisUjiController->store()
#9 C:\xampp\htdocs\pbd2\system\CodeIgniter.php(509): CodeIgniter\CodeIgniter->runController(Object(App\Controllers\JenisUjiController))
#10 C:\xampp\htdocs\pbd2\system\CodeIgniter.php(355): CodeIgniter\CodeIgniter->handleRequest(NULL, Object(Config\Cache), false)
#11 C:\xampp\htdocs\pbd2\system\Boot.php(325): CodeIgniter\CodeIgniter->run()
#12 C:\xampp\htdocs\pbd2\system\Boot.php(67): CodeIgniter\Boot::runCodeIgniter(Object(CodeIgniter\CodeIgniter))
#13 C:\xampp\htdocs\pbd2\index.php(56): CodeIgniter\Boot::bootWeb(Object(Config\Paths))
#14 {main}
CRITICAL - 2024-12-08 03:18:45 --> CodeIgniter\Database\Exceptions\DatabaseException: Cannot add or update a child row: a foreign key constraint fails (`uas_pbd`.`spesimen`, CONSTRAINT `spesimen_ibfk_1` FOREIGN KEY (`id_spesimen`) REFERENCES `transaksi_spesimen_temp` (`id_spesimennya`))
[Method: POST, Route: JenisUjiController/store]
in SYSTEMPATH\Database\BaseConnection.php on line 688.
 1 SYSTEMPATH\Database\BaseBuilder.php(2340): CodeIgniter\Database\BaseConnection->query('INSERT INTO `spesimen` (`nama_spesimen`, `harga_spesimen_umum`, `harga_spesimen_mahasiswa`, `satuan`, `status_spesimen`) VALUES (:nama_spesimen:, :harga_spesimen_umum:, :harga_spesimen_mahasiswa:, :satuan:, :status_spesimen:)', [...], false)
 2 SYSTEMPATH\Model.php(394): CodeIgniter\Database\BaseBuilder->insert()
 3 SYSTEMPATH\BaseModel.php(840): CodeIgniter\Model->doInsert([...])
 4 SYSTEMPATH\Model.php(802): CodeIgniter\BaseModel->insert([...], true)
 5 APPPATH\Controllers\JenisUjiController.php(37): CodeIgniter\Model->insert([...])
 6 SYSTEMPATH\CodeIgniter.php(933): App\Controllers\JenisUjiController->store()
 7 SYSTEMPATH\CodeIgniter.php(509): CodeIgniter\CodeIgniter->runController(Object(App\Controllers\JenisUjiController))
 8 SYSTEMPATH\CodeIgniter.php(355): CodeIgniter\CodeIgniter->handleRequest(null, Object(Config\Cache), false)
 9 SYSTEMPATH\Boot.php(325): CodeIgniter\CodeIgniter->run()
10 SYSTEMPATH\Boot.php(67): CodeIgniter\Boot::runCodeIgniter(Object(CodeIgniter\CodeIgniter))
11 FCPATH\index.php(56): CodeIgniter\Boot::bootWeb(Object(Config\Paths))
CRITICAL - 2024-12-08 03:18:45 --> [Caused by] CodeIgniter\Database\Exceptions\DatabaseException: Cannot add or update a child row: a foreign key constraint fails (`uas_pbd`.`spesimen`, CONSTRAINT `spesimen_ibfk_1` FOREIGN KEY (`id_spesimen`) REFERENCES `transaksi_spesimen_temp` (`id_spesimennya`))
in SYSTEMPATH\Database\MySQLi\Connection.php on line 317.
 1 SYSTEMPATH\Database\BaseConnection.php(734): CodeIgniter\Database\MySQLi\Connection->execute('INSERT INTO `spesimen` (`nama_spesimen`, `harga_spesimen_umum`, `harga_spesimen_mahasiswa`, `satuan`, `status_spesimen`) VALUES (\'dadadqas\', \'1000000000\', \'100000000000\', \'adadads\', \'Aktif\')')
 2 SYSTEMPATH\Database\BaseConnection.php(648): CodeIgniter\Database\BaseConnection->simpleQuery('INSERT INTO `spesimen` (`nama_spesimen`, `harga_spesimen_umum`, `harga_spesimen_mahasiswa`, `satuan`, `status_spesimen`) VALUES (\'dadadqas\', \'1000000000\', \'100000000000\', \'adadads\', \'Aktif\')')
 3 SYSTEMPATH\Database\BaseBuilder.php(2340): CodeIgniter\Database\BaseConnection->query('INSERT INTO `spesimen` (`nama_spesimen`, `harga_spesimen_umum`, `harga_spesimen_mahasiswa`, `satuan`, `status_spesimen`) VALUES (:nama_spesimen:, :harga_spesimen_umum:, :harga_spesimen_mahasiswa:, :satuan:, :status_spesimen:)', [...], false)
 4 SYSTEMPATH\Model.php(394): CodeIgniter\Database\BaseBuilder->insert()
 5 SYSTEMPATH\BaseModel.php(840): CodeIgniter\Model->doInsert([...])
 6 SYSTEMPATH\Model.php(802): CodeIgniter\BaseModel->insert([...], true)
 7 APPPATH\Controllers\JenisUjiController.php(37): CodeIgniter\Model->insert([...])
 8 SYSTEMPATH\CodeIgniter.php(933): App\Controllers\JenisUjiController->store()
 9 SYSTEMPATH\CodeIgniter.php(509): CodeIgniter\CodeIgniter->runController(Object(App\Controllers\JenisUjiController))
10 SYSTEMPATH\CodeIgniter.php(355): CodeIgniter\CodeIgniter->handleRequest(null, Object(Config\Cache), false)
11 SYSTEMPATH\Boot.php(325): CodeIgniter\CodeIgniter->run()
12 SYSTEMPATH\Boot.php(67): CodeIgniter\Boot::runCodeIgniter(Object(CodeIgniter\CodeIgniter))
13 FCPATH\index.php(56): CodeIgniter\Boot::bootWeb(Object(Config\Paths))
CRITICAL - 2024-12-08 03:18:45 --> [Caused by] mysqli_sql_exception: Cannot add or update a child row: a foreign key constraint fails (`uas_pbd`.`spesimen`, CONSTRAINT `spesimen_ibfk_1` FOREIGN KEY (`id_spesimen`) REFERENCES `transaksi_spesimen_temp` (`id_spesimennya`))
in SYSTEMPATH\Database\MySQLi\Connection.php on line 312.
 1 SYSTEMPATH\Database\MySQLi\Connection.php(312): mysqli->query('INSERT INTO `spesimen` (`nama_spesimen`, `harga_spesimen_umum`, `harga_spesimen_mahasiswa`, `satuan`, `status_spesimen`) VALUES (\'dadadqas\', \'1000000000\', \'100000000000\', \'adadads\', \'Aktif\')', 0)
 2 SYSTEMPATH\Database\BaseConnection.php(734): CodeIgniter\Database\MySQLi\Connection->execute('INSERT INTO `spesimen` (`nama_spesimen`, `harga_spesimen_umum`, `harga_spesimen_mahasiswa`, `satuan`, `status_spesimen`) VALUES (\'dadadqas\', \'1000000000\', \'100000000000\', \'adadads\', \'Aktif\')')
 3 SYSTEMPATH\Database\BaseConnection.php(648): CodeIgniter\Database\BaseConnection->simpleQuery('INSERT INTO `spesimen` (`nama_spesimen`, `harga_spesimen_umum`, `harga_spesimen_mahasiswa`, `satuan`, `status_spesimen`) VALUES (\'dadadqas\', \'1000000000\', \'100000000000\', \'adadads\', \'Aktif\')')
 4 SYSTEMPATH\Database\BaseBuilder.php(2340): CodeIgniter\Database\BaseConnection->query('INSERT INTO `spesimen` (`nama_spesimen`, `harga_spesimen_umum`, `harga_spesimen_mahasiswa`, `satuan`, `status_spesimen`) VALUES (:nama_spesimen:, :harga_spesimen_umum:, :harga_spesimen_mahasiswa:, :satuan:, :status_spesimen:)', [...], false)
 5 SYSTEMPATH\Model.php(394): CodeIgniter\Database\BaseBuilder->insert()
 6 SYSTEMPATH\BaseModel.php(840): CodeIgniter\Model->doInsert([...])
 7 SYSTEMPATH\Model.php(802): CodeIgniter\BaseModel->insert([...], true)
 8 APPPATH\Controllers\JenisUjiController.php(37): CodeIgniter\Model->insert([...])
 9 SYSTEMPATH\CodeIgniter.php(933): App\Controllers\JenisUjiController->store()
10 SYSTEMPATH\CodeIgniter.php(509): CodeIgniter\CodeIgniter->runController(Object(App\Controllers\JenisUjiController))
11 SYSTEMPATH\CodeIgniter.php(355): CodeIgniter\CodeIgniter->handleRequest(null, Object(Config\Cache), false)
12 SYSTEMPATH\Boot.php(325): CodeIgniter\CodeIgniter->run()
13 SYSTEMPATH\Boot.php(67): CodeIgniter\Boot::runCodeIgniter(Object(CodeIgniter\CodeIgniter))
14 FCPATH\index.php(56): CodeIgniter\Boot::bootWeb(Object(Config\Paths))
